ARM GAS  C:\Users\ADMIN\AppData\Local\Temp\ccLpBWs9.s 			page 1


   1              		.cpu cortex-m3
   2              		.arch armv7-m
   3              		.fpu softvfp
   4              		.eabi_attribute 20, 1
   5              		.eabi_attribute 21, 1
   6              		.eabi_attribute 23, 3
   7              		.eabi_attribute 24, 1
   8              		.eabi_attribute 25, 1
   9              		.eabi_attribute 26, 1
  10              		.eabi_attribute 30, 1
  11              		.eabi_attribute 34, 1
  12              		.eabi_attribute 18, 4
  13              		.file	"output.c"
  14              		.text
  15              	.Ltext0:
  16              		.cfi_sections	.debug_frame
  17              		.file 1 "Core/Src/output.c"
  18              		.section	.text.led7SEG4Mode,"ax",%progbits
  19              		.align	1
  20              		.global	led7SEG4Mode
  21              		.syntax unified
  22              		.thumb
  23              		.thumb_func
  25              	led7SEG4Mode:
  26              	.LVL0:
  27              	.LFB66:
   1:Core/Src/output.c **** #include "main.h"
   2:Core/Src/output.c **** 
   3:Core/Src/output.c **** enum statusLed status = led1;
   4:Core/Src/output.c **** void scanningLed7SEG(){
   5:Core/Src/output.c ****     switch (status) {
   6:Core/Src/output.c ****     case led1:
   7:Core/Src/output.c ****         display7SEG(led7SEGbuffer[0]);
   8:Core/Src/output.c ****         HAL_GPIO_WritePin(EN0_GPIO_Port,EN0_Pin, 0);
   9:Core/Src/output.c ****         HAL_GPIO_WritePin(EN1_GPIO_Port,EN1_Pin, 1);
  10:Core/Src/output.c ****         HAL_GPIO_WritePin(EN2_GPIO_Port,EN2_Pin, 1);
  11:Core/Src/output.c ****         HAL_GPIO_WritePin(EN3_GPIO_Port,EN3_Pin, 1);
  12:Core/Src/output.c ****         status = led2;
  13:Core/Src/output.c ****         break;
  14:Core/Src/output.c ****     case led2:
  15:Core/Src/output.c ****         display7SEG(led7SEGbuffer[1]);
  16:Core/Src/output.c ****         HAL_GPIO_WritePin(EN0_GPIO_Port,EN0_Pin, 1);
  17:Core/Src/output.c ****         HAL_GPIO_WritePin(EN1_GPIO_Port,EN1_Pin, 0);
  18:Core/Src/output.c ****         HAL_GPIO_WritePin(EN2_GPIO_Port,EN2_Pin, 1);
  19:Core/Src/output.c ****         HAL_GPIO_WritePin(EN3_GPIO_Port,EN3_Pin, 1);
  20:Core/Src/output.c ****         status = led3;
  21:Core/Src/output.c ****         break;
  22:Core/Src/output.c ****     case led3:
  23:Core/Src/output.c ****         display7SEG(led7SEGbuffer[2]);
  24:Core/Src/output.c ****         HAL_GPIO_WritePin(EN0_GPIO_Port,EN0_Pin, 1);
  25:Core/Src/output.c ****         HAL_GPIO_WritePin(EN1_GPIO_Port,EN1_Pin, 1);
  26:Core/Src/output.c ****         HAL_GPIO_WritePin(EN2_GPIO_Port,EN2_Pin, 0);
  27:Core/Src/output.c ****         HAL_GPIO_WritePin(EN3_GPIO_Port,EN3_Pin, 1);
  28:Core/Src/output.c ****         status = led4;
  29:Core/Src/output.c ****         break;
  30:Core/Src/output.c ****     case led4:
  31:Core/Src/output.c ****         display7SEG(led7SEGbuffer[3]);
ARM GAS  C:\Users\ADMIN\AppData\Local\Temp\ccLpBWs9.s 			page 2


  32:Core/Src/output.c ****         HAL_GPIO_WritePin(EN0_GPIO_Port,EN0_Pin, 1);
  33:Core/Src/output.c ****         HAL_GPIO_WritePin(EN1_GPIO_Port,EN1_Pin, 1);
  34:Core/Src/output.c ****         HAL_GPIO_WritePin(EN2_GPIO_Port,EN2_Pin, 1);
  35:Core/Src/output.c ****         HAL_GPIO_WritePin(EN3_GPIO_Port,EN3_Pin, 0);
  36:Core/Src/output.c ****         status = led1;
  37:Core/Src/output.c ****         break;
  38:Core/Src/output.c ****     default:
  39:Core/Src/output.c ****         break;
  40:Core/Src/output.c **** }
  41:Core/Src/output.c **** }
  42:Core/Src/output.c **** void led7SEG4Mode(int state){
  28              		.loc 1 42 29 view -0
  29              		.cfi_startproc
  30              		@ args = 0, pretend = 0, frame = 0
  31              		@ frame_needed = 0, uses_anonymous_args = 0
  32              		@ link register save eliminated.
  33              		.loc 1 42 29 is_stmt 0 view .LVU1
  34 0000 10B4     		push	{r4}
  35              	.LCFI0:
  36              		.cfi_def_cfa_offset 4
  37              		.cfi_offset 4, -4
  43:Core/Src/output.c ****     int redTime = timeRoad[0];
  38              		.loc 1 43 5 is_stmt 1 view .LVU2
  39              		.loc 1 43 9 is_stmt 0 view .LVU3
  40 0002 494B     		ldr	r3, .L13
  41 0004 1968     		ldr	r1, [r3]
  42              	.LVL1:
  44:Core/Src/output.c ****     int greenTime = timeRoad[1];
  43              		.loc 1 44 5 is_stmt 1 view .LVU4
  44              		.loc 1 44 9 is_stmt 0 view .LVU5
  45 0006 5A68     		ldr	r2, [r3, #4]
  46              	.LVL2:
  45:Core/Src/output.c ****     int yellowTime = timeRoad[2];
  47              		.loc 1 45 5 is_stmt 1 view .LVU6
  48              		.loc 1 45 9 is_stmt 0 view .LVU7
  49 0008 9B68     		ldr	r3, [r3, #8]
  50              	.LVL3:
  46:Core/Src/output.c ****     switch (state)
  51              		.loc 1 46 5 is_stmt 1 view .LVU8
  52 000a 0238     		subs	r0, r0, #2
  53              	.LVL4:
  54              		.loc 1 46 5 is_stmt 0 view .LVU9
  55 000c 0628     		cmp	r0, #6
  56 000e 1DD8     		bhi	.L1
  57 0010 DFE800F0 		tbb	[pc, r0]
  58              	.L4:
  59 0014 2C       		.byte	(.L10-.L4)/2
  60 0015 45       		.byte	(.L9-.L4)/2
  61 0016 04       		.byte	(.L8-.L4)/2
  62 0017 1E       		.byte	(.L7-.L4)/2
  63 0018 53       		.byte	(.L6-.L4)/2
  64 0019 65       		.byte	(.L5-.L4)/2
  65 001a 77       		.byte	(.L3-.L4)/2
  66 001b 00       		.p2align 1
  67              	.L8:
  47:Core/Src/output.c ****     {
  48:Core/Src/output.c ****     case GREEN1_RED2:
ARM GAS  C:\Users\ADMIN\AppData\Local\Temp\ccLpBWs9.s 			page 3


  49:Core/Src/output.c ****         led7SEGbuffer[0] = greenTime/10;
  68              		.loc 1 49 9 is_stmt 1 view .LVU10
  69              		.loc 1 49 37 is_stmt 0 view .LVU11
  70 001c 434C     		ldr	r4, .L13+4
  71 001e 84FB0230 		smull	r3, r0, r4, r2
  72              	.LVL5:
  73              		.loc 1 49 37 view .LVU12
  74 0022 D317     		asrs	r3, r2, #31
  75 0024 C3EBA003 		rsb	r3, r3, r0, asr #2
  76              		.loc 1 49 26 view .LVU13
  77 0028 4148     		ldr	r0, .L13+8
  78 002a 0360     		str	r3, [r0]
  50:Core/Src/output.c ****         led7SEGbuffer[1] = greenTime%10;
  79              		.loc 1 50 9 is_stmt 1 view .LVU14
  80              		.loc 1 50 37 is_stmt 0 view .LVU15
  81 002c 03EB8303 		add	r3, r3, r3, lsl #2
  82 0030 A2EB4303 		sub	r3, r2, r3, lsl #1
  83              		.loc 1 50 26 view .LVU16
  84 0034 4360     		str	r3, [r0, #4]
  51:Core/Src/output.c ****         led7SEGbuffer[2] = redTime/10;
  85              		.loc 1 51 9 is_stmt 1 view .LVU17
  86              		.loc 1 51 35 is_stmt 0 view .LVU18
  87 0036 84FB0134 		smull	r3, r4, r4, r1
  88 003a CB17     		asrs	r3, r1, #31
  89 003c C3EBA403 		rsb	r3, r3, r4, asr #2
  90              		.loc 1 51 26 view .LVU19
  91 0040 8360     		str	r3, [r0, #8]
  52:Core/Src/output.c ****         led7SEGbuffer[3] = redTime%10;
  92              		.loc 1 52 9 is_stmt 1 view .LVU20
  93              		.loc 1 52 35 is_stmt 0 view .LVU21
  94 0042 03EB8303 		add	r3, r3, r3, lsl #2
  95 0046 A1EB4303 		sub	r3, r1, r3, lsl #1
  96              		.loc 1 52 26 view .LVU22
  97 004a C360     		str	r3, [r0, #12]
  53:Core/Src/output.c ****         break;
  98              		.loc 1 53 9 is_stmt 1 view .LVU23
  99              	.LVL6:
 100              	.L1:
  54:Core/Src/output.c ****     case YELLOW1_RED2:
  55:Core/Src/output.c ****         led7SEGbuffer[0] = yellowTime/10;
  56:Core/Src/output.c ****         led7SEGbuffer[1] = yellowTime%10;
  57:Core/Src/output.c ****         break;
  58:Core/Src/output.c ****     case RED1_GREEN2:
  59:Core/Src/output.c ****         led7SEGbuffer[0] = redTime/10;
  60:Core/Src/output.c ****         led7SEGbuffer[1] = redTime%10;
  61:Core/Src/output.c ****         led7SEGbuffer[2] = greenTime/10;
  62:Core/Src/output.c ****         led7SEGbuffer[3] = greenTime%10;
  63:Core/Src/output.c ****         break;
  64:Core/Src/output.c ****     case RED1_YELLOW2:
  65:Core/Src/output.c ****         led7SEGbuffer[2] = yellowTime/10;
  66:Core/Src/output.c ****         led7SEGbuffer[3] = yellowTime%10;
  67:Core/Src/output.c ****         break;
  68:Core/Src/output.c ****     case MODE2:
  69:Core/Src/output.c ****         led7SEGbuffer[0] = redTime/10;
  70:Core/Src/output.c ****         led7SEGbuffer[1] = redTime%10;
  71:Core/Src/output.c ****         led7SEGbuffer[2] = 0;
  72:Core/Src/output.c ****         led7SEGbuffer[3] = 2;
ARM GAS  C:\Users\ADMIN\AppData\Local\Temp\ccLpBWs9.s 			page 4


  73:Core/Src/output.c ****         break;
  74:Core/Src/output.c ****     case MODE3:
  75:Core/Src/output.c ****         led7SEGbuffer[0] = greenTime/10;
  76:Core/Src/output.c ****         led7SEGbuffer[1] = greenTime%10;
  77:Core/Src/output.c ****         led7SEGbuffer[2] = 0;
  78:Core/Src/output.c ****         led7SEGbuffer[3] = 3;
  79:Core/Src/output.c ****         break;
  80:Core/Src/output.c ****     case MODE4:
  81:Core/Src/output.c ****         led7SEGbuffer[0] = yellowTime/10;
  82:Core/Src/output.c ****         led7SEGbuffer[1] = yellowTime%10;
  83:Core/Src/output.c ****         led7SEGbuffer[2] = 0;
  84:Core/Src/output.c ****         led7SEGbuffer[3] = 4;
  85:Core/Src/output.c ****         break;
  86:Core/Src/output.c ****     
  87:Core/Src/output.c ****     default:
  88:Core/Src/output.c ****         break;
  89:Core/Src/output.c ****     }
  90:Core/Src/output.c **** }
 101              		.loc 1 90 1 is_stmt 0 view .LVU24
 102 004c 10BC     		pop	{r4}
 103              	.LCFI1:
 104              		.cfi_remember_state
 105              		.cfi_restore 4
 106              		.cfi_def_cfa_offset 0
 107 004e 7047     		bx	lr
 108              	.LVL7:
 109              	.L7:
 110              	.LCFI2:
 111              		.cfi_restore_state
  55:Core/Src/output.c ****         led7SEGbuffer[1] = yellowTime%10;
 112              		.loc 1 55 9 is_stmt 1 view .LVU25
  55:Core/Src/output.c ****         led7SEGbuffer[1] = yellowTime%10;
 113              		.loc 1 55 38 is_stmt 0 view .LVU26
 114 0050 3649     		ldr	r1, .L13+4
 115              	.LVL8:
  55:Core/Src/output.c ****         led7SEGbuffer[1] = yellowTime%10;
 116              		.loc 1 55 38 view .LVU27
 117 0052 81FB0321 		smull	r2, r1, r1, r3
 118              	.LVL9:
  55:Core/Src/output.c ****         led7SEGbuffer[1] = yellowTime%10;
 119              		.loc 1 55 38 view .LVU28
 120 0056 DA17     		asrs	r2, r3, #31
 121 0058 C2EBA102 		rsb	r2, r2, r1, asr #2
  55:Core/Src/output.c ****         led7SEGbuffer[1] = yellowTime%10;
 122              		.loc 1 55 26 view .LVU29
 123 005c 3449     		ldr	r1, .L13+8
 124 005e 0A60     		str	r2, [r1]
  56:Core/Src/output.c ****         break;
 125              		.loc 1 56 9 is_stmt 1 view .LVU30
  56:Core/Src/output.c ****         break;
 126              		.loc 1 56 38 is_stmt 0 view .LVU31
 127 0060 02EB8202 		add	r2, r2, r2, lsl #2
 128 0064 A3EB4202 		sub	r2, r3, r2, lsl #1
  56:Core/Src/output.c ****         break;
 129              		.loc 1 56 26 view .LVU32
 130 0068 4A60     		str	r2, [r1, #4]
  57:Core/Src/output.c ****     case RED1_GREEN2:
ARM GAS  C:\Users\ADMIN\AppData\Local\Temp\ccLpBWs9.s 			page 5


 131              		.loc 1 57 9 is_stmt 1 view .LVU33
 132 006a EFE7     		b	.L1
 133              	.LVL10:
 134              	.L10:
  59:Core/Src/output.c ****         led7SEGbuffer[1] = redTime%10;
 135              		.loc 1 59 9 view .LVU34
  59:Core/Src/output.c ****         led7SEGbuffer[1] = redTime%10;
 136              		.loc 1 59 35 is_stmt 0 view .LVU35
 137 006c 2F4C     		ldr	r4, .L13+4
 138 006e 84FB0130 		smull	r3, r0, r4, r1
 139              	.LVL11:
  59:Core/Src/output.c ****         led7SEGbuffer[1] = redTime%10;
 140              		.loc 1 59 35 view .LVU36
 141 0072 CB17     		asrs	r3, r1, #31
 142 0074 C3EBA003 		rsb	r3, r3, r0, asr #2
  59:Core/Src/output.c ****         led7SEGbuffer[1] = redTime%10;
 143              		.loc 1 59 26 view .LVU37
 144 0078 2D48     		ldr	r0, .L13+8
 145 007a 0360     		str	r3, [r0]
  60:Core/Src/output.c ****         led7SEGbuffer[2] = greenTime/10;
 146              		.loc 1 60 9 is_stmt 1 view .LVU38
  60:Core/Src/output.c ****         led7SEGbuffer[2] = greenTime/10;
 147              		.loc 1 60 35 is_stmt 0 view .LVU39
 148 007c 03EB8303 		add	r3, r3, r3, lsl #2
 149 0080 A1EB4303 		sub	r3, r1, r3, lsl #1
  60:Core/Src/output.c ****         led7SEGbuffer[2] = greenTime/10;
 150              		.loc 1 60 26 view .LVU40
 151 0084 4360     		str	r3, [r0, #4]
  61:Core/Src/output.c ****         led7SEGbuffer[3] = greenTime%10;
 152              		.loc 1 61 9 is_stmt 1 view .LVU41
  61:Core/Src/output.c ****         led7SEGbuffer[3] = greenTime%10;
 153              		.loc 1 61 37 is_stmt 0 view .LVU42
 154 0086 84FB0234 		smull	r3, r4, r4, r2
 155 008a D317     		asrs	r3, r2, #31
 156 008c C3EBA403 		rsb	r3, r3, r4, asr #2
  61:Core/Src/output.c ****         led7SEGbuffer[3] = greenTime%10;
 157              		.loc 1 61 26 view .LVU43
 158 0090 8360     		str	r3, [r0, #8]
  62:Core/Src/output.c ****         break;
 159              		.loc 1 62 9 is_stmt 1 view .LVU44
  62:Core/Src/output.c ****         break;
 160              		.loc 1 62 37 is_stmt 0 view .LVU45
 161 0092 03EB8303 		add	r3, r3, r3, lsl #2
 162 0096 A2EB4303 		sub	r3, r2, r3, lsl #1
  62:Core/Src/output.c ****         break;
 163              		.loc 1 62 26 view .LVU46
 164 009a C360     		str	r3, [r0, #12]
  63:Core/Src/output.c ****     case RED1_YELLOW2:
 165              		.loc 1 63 9 is_stmt 1 view .LVU47
 166 009c D6E7     		b	.L1
 167              	.LVL12:
 168              	.L9:
  65:Core/Src/output.c ****         led7SEGbuffer[3] = yellowTime%10;
 169              		.loc 1 65 9 view .LVU48
  65:Core/Src/output.c ****         led7SEGbuffer[3] = yellowTime%10;
 170              		.loc 1 65 38 is_stmt 0 view .LVU49
 171 009e 2349     		ldr	r1, .L13+4
ARM GAS  C:\Users\ADMIN\AppData\Local\Temp\ccLpBWs9.s 			page 6


 172              	.LVL13:
  65:Core/Src/output.c ****         led7SEGbuffer[3] = yellowTime%10;
 173              		.loc 1 65 38 view .LVU50
 174 00a0 81FB0321 		smull	r2, r1, r1, r3
 175              	.LVL14:
  65:Core/Src/output.c ****         led7SEGbuffer[3] = yellowTime%10;
 176              		.loc 1 65 38 view .LVU51
 177 00a4 DA17     		asrs	r2, r3, #31
 178 00a6 C2EBA102 		rsb	r2, r2, r1, asr #2
  65:Core/Src/output.c ****         led7SEGbuffer[3] = yellowTime%10;
 179              		.loc 1 65 26 view .LVU52
 180 00aa 2149     		ldr	r1, .L13+8
 181 00ac 8A60     		str	r2, [r1, #8]
  66:Core/Src/output.c ****         break;
 182              		.loc 1 66 9 is_stmt 1 view .LVU53
  66:Core/Src/output.c ****         break;
 183              		.loc 1 66 38 is_stmt 0 view .LVU54
 184 00ae 02EB8202 		add	r2, r2, r2, lsl #2
 185 00b2 A3EB4202 		sub	r2, r3, r2, lsl #1
  66:Core/Src/output.c ****         break;
 186              		.loc 1 66 26 view .LVU55
 187 00b6 CA60     		str	r2, [r1, #12]
  67:Core/Src/output.c ****     case MODE2:
 188              		.loc 1 67 9 is_stmt 1 view .LVU56
 189 00b8 C8E7     		b	.L1
 190              	.LVL15:
 191              	.L6:
  69:Core/Src/output.c ****         led7SEGbuffer[1] = redTime%10;
 192              		.loc 1 69 9 view .LVU57
  69:Core/Src/output.c ****         led7SEGbuffer[1] = redTime%10;
 193              		.loc 1 69 35 is_stmt 0 view .LVU58
 194 00ba 1C4A     		ldr	r2, .L13+4
 195              	.LVL16:
  69:Core/Src/output.c ****         led7SEGbuffer[1] = redTime%10;
 196              		.loc 1 69 35 view .LVU59
 197 00bc 82FB0132 		smull	r3, r2, r2, r1
 198              	.LVL17:
  69:Core/Src/output.c ****         led7SEGbuffer[1] = redTime%10;
 199              		.loc 1 69 35 view .LVU60
 200 00c0 CB17     		asrs	r3, r1, #31
 201 00c2 C3EBA203 		rsb	r3, r3, r2, asr #2
  69:Core/Src/output.c ****         led7SEGbuffer[1] = redTime%10;
 202              		.loc 1 69 26 view .LVU61
 203 00c6 1A4A     		ldr	r2, .L13+8
 204 00c8 1360     		str	r3, [r2]
  70:Core/Src/output.c ****         led7SEGbuffer[2] = 0;
 205              		.loc 1 70 9 is_stmt 1 view .LVU62
  70:Core/Src/output.c ****         led7SEGbuffer[2] = 0;
 206              		.loc 1 70 35 is_stmt 0 view .LVU63
 207 00ca 03EB8303 		add	r3, r3, r3, lsl #2
 208 00ce A1EB4301 		sub	r1, r1, r3, lsl #1
 209              	.LVL18:
  70:Core/Src/output.c ****         led7SEGbuffer[2] = 0;
 210              		.loc 1 70 26 view .LVU64
 211 00d2 5160     		str	r1, [r2, #4]
  71:Core/Src/output.c ****         led7SEGbuffer[3] = 2;
 212              		.loc 1 71 9 is_stmt 1 view .LVU65
ARM GAS  C:\Users\ADMIN\AppData\Local\Temp\ccLpBWs9.s 			page 7


  71:Core/Src/output.c ****         led7SEGbuffer[3] = 2;
 213              		.loc 1 71 26 is_stmt 0 view .LVU66
 214 00d4 0023     		movs	r3, #0
 215 00d6 9360     		str	r3, [r2, #8]
  72:Core/Src/output.c ****         break;
 216              		.loc 1 72 9 is_stmt 1 view .LVU67
  72:Core/Src/output.c ****         break;
 217              		.loc 1 72 26 is_stmt 0 view .LVU68
 218 00d8 0223     		movs	r3, #2
 219 00da D360     		str	r3, [r2, #12]
  73:Core/Src/output.c ****     case MODE3:
 220              		.loc 1 73 9 is_stmt 1 view .LVU69
 221 00dc B6E7     		b	.L1
 222              	.LVL19:
 223              	.L5:
  75:Core/Src/output.c ****         led7SEGbuffer[1] = greenTime%10;
 224              		.loc 1 75 9 view .LVU70
  75:Core/Src/output.c ****         led7SEGbuffer[1] = greenTime%10;
 225              		.loc 1 75 37 is_stmt 0 view .LVU71
 226 00de 1349     		ldr	r1, .L13+4
 227              	.LVL20:
  75:Core/Src/output.c ****         led7SEGbuffer[1] = greenTime%10;
 228              		.loc 1 75 37 view .LVU72
 229 00e0 81FB0231 		smull	r3, r1, r1, r2
 230              	.LVL21:
  75:Core/Src/output.c ****         led7SEGbuffer[1] = greenTime%10;
 231              		.loc 1 75 37 view .LVU73
 232 00e4 D317     		asrs	r3, r2, #31
 233 00e6 C3EBA103 		rsb	r3, r3, r1, asr #2
  75:Core/Src/output.c ****         led7SEGbuffer[1] = greenTime%10;
 234              		.loc 1 75 26 view .LVU74
 235 00ea 1149     		ldr	r1, .L13+8
 236 00ec 0B60     		str	r3, [r1]
  76:Core/Src/output.c ****         led7SEGbuffer[2] = 0;
 237              		.loc 1 76 9 is_stmt 1 view .LVU75
  76:Core/Src/output.c ****         led7SEGbuffer[2] = 0;
 238              		.loc 1 76 37 is_stmt 0 view .LVU76
 239 00ee 03EB8303 		add	r3, r3, r3, lsl #2
 240 00f2 A2EB4302 		sub	r2, r2, r3, lsl #1
 241              	.LVL22:
  76:Core/Src/output.c ****         led7SEGbuffer[2] = 0;
 242              		.loc 1 76 26 view .LVU77
 243 00f6 4A60     		str	r2, [r1, #4]
  77:Core/Src/output.c ****         led7SEGbuffer[3] = 3;
 244              		.loc 1 77 9 is_stmt 1 view .LVU78
  77:Core/Src/output.c ****         led7SEGbuffer[3] = 3;
 245              		.loc 1 77 26 is_stmt 0 view .LVU79
 246 00f8 0023     		movs	r3, #0
 247 00fa 8B60     		str	r3, [r1, #8]
  78:Core/Src/output.c ****         break;
 248              		.loc 1 78 9 is_stmt 1 view .LVU80
  78:Core/Src/output.c ****         break;
 249              		.loc 1 78 26 is_stmt 0 view .LVU81
 250 00fc 0323     		movs	r3, #3
 251 00fe CB60     		str	r3, [r1, #12]
  79:Core/Src/output.c ****     case MODE4:
 252              		.loc 1 79 9 is_stmt 1 view .LVU82
ARM GAS  C:\Users\ADMIN\AppData\Local\Temp\ccLpBWs9.s 			page 8


 253 0100 A4E7     		b	.L1
 254              	.LVL23:
 255              	.L3:
  81:Core/Src/output.c ****         led7SEGbuffer[1] = yellowTime%10;
 256              		.loc 1 81 9 view .LVU83
  81:Core/Src/output.c ****         led7SEGbuffer[1] = yellowTime%10;
 257              		.loc 1 81 38 is_stmt 0 view .LVU84
 258 0102 0A49     		ldr	r1, .L13+4
 259              	.LVL24:
  81:Core/Src/output.c ****         led7SEGbuffer[1] = yellowTime%10;
 260              		.loc 1 81 38 view .LVU85
 261 0104 81FB0321 		smull	r2, r1, r1, r3
 262              	.LVL25:
  81:Core/Src/output.c ****         led7SEGbuffer[1] = yellowTime%10;
 263              		.loc 1 81 38 view .LVU86
 264 0108 DA17     		asrs	r2, r3, #31
 265 010a C2EBA102 		rsb	r2, r2, r1, asr #2
  81:Core/Src/output.c ****         led7SEGbuffer[1] = yellowTime%10;
 266              		.loc 1 81 26 view .LVU87
 267 010e 0849     		ldr	r1, .L13+8
 268 0110 0A60     		str	r2, [r1]
  82:Core/Src/output.c ****         led7SEGbuffer[2] = 0;
 269              		.loc 1 82 9 is_stmt 1 view .LVU88
  82:Core/Src/output.c ****         led7SEGbuffer[2] = 0;
 270              		.loc 1 82 38 is_stmt 0 view .LVU89
 271 0112 02EB8202 		add	r2, r2, r2, lsl #2
 272 0116 A3EB4203 		sub	r3, r3, r2, lsl #1
 273              	.LVL26:
  82:Core/Src/output.c ****         led7SEGbuffer[2] = 0;
 274              		.loc 1 82 26 view .LVU90
 275 011a 4B60     		str	r3, [r1, #4]
  83:Core/Src/output.c ****         led7SEGbuffer[3] = 4;
 276              		.loc 1 83 9 is_stmt 1 view .LVU91
  83:Core/Src/output.c ****         led7SEGbuffer[3] = 4;
 277              		.loc 1 83 26 is_stmt 0 view .LVU92
 278 011c 0023     		movs	r3, #0
 279 011e 8B60     		str	r3, [r1, #8]
  84:Core/Src/output.c ****         break;
 280              		.loc 1 84 9 is_stmt 1 view .LVU93
  84:Core/Src/output.c ****         break;
 281              		.loc 1 84 26 is_stmt 0 view .LVU94
 282 0120 0423     		movs	r3, #4
 283 0122 CB60     		str	r3, [r1, #12]
  85:Core/Src/output.c ****     
 284              		.loc 1 85 9 is_stmt 1 view .LVU95
 285              		.loc 1 90 1 is_stmt 0 view .LVU96
 286 0124 92E7     		b	.L1
 287              	.L14:
 288 0126 00BF     		.align	2
 289              	.L13:
 290 0128 00000000 		.word	timeRoad
 291 012c 67666666 		.word	1717986919
 292 0130 00000000 		.word	led7SEGbuffer
 293              		.cfi_endproc
 294              	.LFE66:
 296              		.section	.text.driverLed7SEG,"ax",%progbits
 297              		.align	1
ARM GAS  C:\Users\ADMIN\AppData\Local\Temp\ccLpBWs9.s 			page 9


 298              		.global	driverLed7SEG
 299              		.syntax unified
 300              		.thumb
 301              		.thumb_func
 303              	driverLed7SEG:
 304              	.LFB67:
  91:Core/Src/output.c **** void driverLed7SEG(){
 305              		.loc 1 91 21 is_stmt 1 view -0
 306              		.cfi_startproc
 307              		@ args = 0, pretend = 0, frame = 0
 308              		@ frame_needed = 0, uses_anonymous_args = 0
 309              		@ link register save eliminated.
  92:Core/Src/output.c ****     
  93:Core/Src/output.c **** }
 310              		.loc 1 93 1 view .LVU98
 311 0000 7047     		bx	lr
 312              		.cfi_endproc
 313              	.LFE67:
 315              		.section	.text.subsLed7SEG,"ax",%progbits
 316              		.align	1
 317              		.global	subsLed7SEG
 318              		.syntax unified
 319              		.thumb
 320              		.thumb_func
 322              	subsLed7SEG:
 323              	.LFB68:
  94:Core/Src/output.c **** void subsLed7SEG(){
 324              		.loc 1 94 19 view -0
 325              		.cfi_startproc
 326              		@ args = 0, pretend = 0, frame = 0
 327              		@ frame_needed = 0, uses_anonymous_args = 0
 328              		@ link register save eliminated.
  95:Core/Src/output.c ****     // 2 led 7 seg EN0 va EN1
  96:Core/Src/output.c ****     int time1  = led7SEGbuffer[0]*10 + led7SEGbuffer[1];
 329              		.loc 1 96 5 view .LVU100
 330              		.loc 1 96 31 is_stmt 0 view .LVU101
 331 0000 1749     		ldr	r1, .L23
 332 0002 0A68     		ldr	r2, [r1]
 333              		.loc 1 96 34 view .LVU102
 334 0004 02EB8202 		add	r2, r2, r2, lsl #2
 335 0008 5300     		lsls	r3, r2, #1
 336              		.loc 1 96 53 view .LVU103
 337 000a 4A68     		ldr	r2, [r1, #4]
 338              		.loc 1 96 9 view .LVU104
 339 000c 1344     		add	r3, r3, r2
 340              	.LVL27:
  97:Core/Src/output.c ****     time1--;
 341              		.loc 1 97 5 is_stmt 1 view .LVU105
  98:Core/Src/output.c ****     if (time1 <0){
 342              		.loc 1 98 5 view .LVU106
 343              		.loc 1 98 8 is_stmt 0 view .LVU107
 344 000e 013B     		subs	r3, r3, #1
 345              	.LVL28:
 346              		.loc 1 98 8 view .LVU108
 347 0010 22D4     		bmi	.L21
 348              	.LVL29:
 349              	.L17:
ARM GAS  C:\Users\ADMIN\AppData\Local\Temp\ccLpBWs9.s 			page 10


  99:Core/Src/output.c ****         time1 = 9;
 100:Core/Src/output.c ****     }
 101:Core/Src/output.c ****     led7SEGbuffer[0] = time1/10;
 350              		.loc 1 101 5 is_stmt 1 view .LVU109
 351              		.loc 1 101 29 is_stmt 0 view .LVU110
 352 0012 1449     		ldr	r1, .L23+4
 353 0014 81FB0321 		smull	r2, r1, r1, r3
 354 0018 DA17     		asrs	r2, r3, #31
 355 001a C2EBA102 		rsb	r2, r2, r1, asr #2
 356              		.loc 1 101 22 view .LVU111
 357 001e 1048     		ldr	r0, .L23
 358 0020 0260     		str	r2, [r0]
 102:Core/Src/output.c ****     led7SEGbuffer[1] = time1%10;
 359              		.loc 1 102 5 is_stmt 1 view .LVU112
 360              		.loc 1 102 29 is_stmt 0 view .LVU113
 361 0022 02EB8202 		add	r2, r2, r2, lsl #2
 362 0026 5100     		lsls	r1, r2, #1
 363 0028 591A     		subs	r1, r3, r1
 364              		.loc 1 102 22 view .LVU114
 365 002a 4160     		str	r1, [r0, #4]
 103:Core/Src/output.c ****  
 104:Core/Src/output.c ****     // 2 led 7 seg EN2 va EN3
 105:Core/Src/output.c ****     int time2 = led7SEGbuffer[2]*10 + led7SEGbuffer[3];
 366              		.loc 1 105 5 is_stmt 1 view .LVU115
 367              		.loc 1 105 30 is_stmt 0 view .LVU116
 368 002c 8268     		ldr	r2, [r0, #8]
 369              		.loc 1 105 33 view .LVU117
 370 002e 02EB8202 		add	r2, r2, r2, lsl #2
 371 0032 5300     		lsls	r3, r2, #1
 372              	.LVL30:
 373              		.loc 1 105 52 view .LVU118
 374 0034 C268     		ldr	r2, [r0, #12]
 375              		.loc 1 105 9 view .LVU119
 376 0036 1344     		add	r3, r3, r2
 377              	.LVL31:
 106:Core/Src/output.c ****     time2--;
 378              		.loc 1 106 5 is_stmt 1 view .LVU120
 107:Core/Src/output.c ****     if (time2 <0){
 379              		.loc 1 107 5 view .LVU121
 380              		.loc 1 107 8 is_stmt 0 view .LVU122
 381 0038 013B     		subs	r3, r3, #1
 382              	.LVL32:
 383              		.loc 1 107 8 view .LVU123
 384 003a 0FD4     		bmi	.L22
 385              	.LVL33:
 386              	.L18:
 108:Core/Src/output.c ****         time2 = 9;
 109:Core/Src/output.c ****     }
 110:Core/Src/output.c ****     led7SEGbuffer[2] = time2/10;
 387              		.loc 1 110 5 is_stmt 1 view .LVU124
 388              		.loc 1 110 29 is_stmt 0 view .LVU125
 389 003c 0949     		ldr	r1, .L23+4
 390 003e 81FB0321 		smull	r2, r1, r1, r3
 391 0042 DA17     		asrs	r2, r3, #31
 392 0044 C2EBA102 		rsb	r2, r2, r1, asr #2
 393              		.loc 1 110 22 view .LVU126
 394 0048 0548     		ldr	r0, .L23
ARM GAS  C:\Users\ADMIN\AppData\Local\Temp\ccLpBWs9.s 			page 11


 395 004a 8260     		str	r2, [r0, #8]
 111:Core/Src/output.c ****     led7SEGbuffer[3] = time2%10;
 396              		.loc 1 111 5 is_stmt 1 view .LVU127
 397              		.loc 1 111 29 is_stmt 0 view .LVU128
 398 004c 02EB8202 		add	r2, r2, r2, lsl #2
 399 0050 5100     		lsls	r1, r2, #1
 400 0052 591A     		subs	r1, r3, r1
 401              		.loc 1 111 22 view .LVU129
 402 0054 C160     		str	r1, [r0, #12]
 112:Core/Src/output.c **** }
 403              		.loc 1 112 1 view .LVU130
 404 0056 7047     		bx	lr
 405              	.LVL34:
 406              	.L21:
  99:Core/Src/output.c ****     }
 407              		.loc 1 99 15 view .LVU131
 408 0058 0923     		movs	r3, #9
 409              	.LVL35:
  99:Core/Src/output.c ****     }
 410              		.loc 1 99 15 view .LVU132
 411 005a DAE7     		b	.L17
 412              	.LVL36:
 413              	.L22:
 108:Core/Src/output.c ****     }
 414              		.loc 1 108 15 view .LVU133
 415 005c 0923     		movs	r3, #9
 416              	.LVL37:
 108:Core/Src/output.c ****     }
 417              		.loc 1 108 15 view .LVU134
 418 005e EDE7     		b	.L18
 419              	.L24:
 420              		.align	2
 421              	.L23:
 422 0060 00000000 		.word	led7SEGbuffer
 423 0064 67666666 		.word	1717986919
 424              		.cfi_endproc
 425              	.LFE68:
 427              		.section	.text.display7SEG,"ax",%progbits
 428              		.align	1
 429              		.global	display7SEG
 430              		.syntax unified
 431              		.thumb
 432              		.thumb_func
 434              	display7SEG:
 435              	.LVL38:
 436              	.LFB69:
 113:Core/Src/output.c **** void display7SEG(int num){
 437              		.loc 1 113 26 is_stmt 1 view -0
 438              		.cfi_startproc
 439              		@ args = 0, pretend = 0, frame = 0
 440              		@ frame_needed = 0, uses_anonymous_args = 0
 441              		.loc 1 113 26 is_stmt 0 view .LVU136
 442 0000 10B5     		push	{r4, lr}
 443              	.LCFI3:
 444              		.cfi_def_cfa_offset 8
 445              		.cfi_offset 4, -8
 446              		.cfi_offset 14, -4
ARM GAS  C:\Users\ADMIN\AppData\Local\Temp\ccLpBWs9.s 			page 12


 114:Core/Src/output.c **** 	switch (num){
 447              		.loc 1 114 2 is_stmt 1 view .LVU137
 448 0002 0928     		cmp	r0, #9
 449 0004 36D8     		bhi	.L25
 450 0006 DFE810F0 		tbh	[pc, r0, lsl #1]
 451              	.L28:
 452 000a 0A00     		.2byte	(.L37-.L28)/2
 453 000c 3600     		.2byte	(.L36-.L28)/2
 454 000e 6200     		.2byte	(.L35-.L28)/2
 455 0010 8E00     		.2byte	(.L34-.L28)/2
 456 0012 BA00     		.2byte	(.L33-.L28)/2
 457 0014 E600     		.2byte	(.L32-.L28)/2
 458 0016 1201     		.2byte	(.L31-.L28)/2
 459 0018 3E01     		.2byte	(.L30-.L28)/2
 460 001a 6A01     		.2byte	(.L29-.L28)/2
 461 001c 9601     		.2byte	(.L27-.L28)/2
 462              		.p2align 1
 463              	.L37:
 115:Core/Src/output.c **** 	case 0:
 116:Core/Src/output.c **** 		HAL_GPIO_WritePin(A_GPIO_Port, A_Pin, 0);
 464              		.loc 1 116 3 view .LVU138
 465 001e DC4C     		ldr	r4, .L40
 466 0020 0022     		movs	r2, #0
 467 0022 4FF40071 		mov	r1, #512
 468 0026 2046     		mov	r0, r4
 469              	.LVL39:
 470              		.loc 1 116 3 is_stmt 0 view .LVU139
 471 0028 FFF7FEFF 		bl	HAL_GPIO_WritePin
 472              	.LVL40:
 117:Core/Src/output.c **** 		HAL_GPIO_WritePin(B_GPIO_Port, B_Pin, 0);
 473              		.loc 1 117 3 is_stmt 1 view .LVU140
 474 002c 0022     		movs	r2, #0
 475 002e 4FF48061 		mov	r1, #1024
 476 0032 2046     		mov	r0, r4
 477 0034 FFF7FEFF 		bl	HAL_GPIO_WritePin
 478              	.LVL41:
 118:Core/Src/output.c **** 		HAL_GPIO_WritePin(C_GPIO_Port, C_Pin, 0);
 479              		.loc 1 118 3 view .LVU141
 480 0038 0022     		movs	r2, #0
 481 003a 4FF40061 		mov	r1, #2048
 482 003e 2046     		mov	r0, r4
 483 0040 FFF7FEFF 		bl	HAL_GPIO_WritePin
 484              	.LVL42:
 119:Core/Src/output.c **** 		HAL_GPIO_WritePin(D_GPIO_Port, D_Pin, 0);
 485              		.loc 1 119 3 view .LVU142
 486 0044 0022     		movs	r2, #0
 487 0046 4FF48051 		mov	r1, #4096
 488 004a 2046     		mov	r0, r4
 489 004c FFF7FEFF 		bl	HAL_GPIO_WritePin
 490              	.LVL43:
 120:Core/Src/output.c **** 		HAL_GPIO_WritePin(E_GPIO_Port, E_Pin, 0);
 491              		.loc 1 120 3 view .LVU143
 492 0050 0022     		movs	r2, #0
 493 0052 4FF40051 		mov	r1, #8192
 494 0056 2046     		mov	r0, r4
 495 0058 FFF7FEFF 		bl	HAL_GPIO_WritePin
 496              	.LVL44:
ARM GAS  C:\Users\ADMIN\AppData\Local\Temp\ccLpBWs9.s 			page 13


 121:Core/Src/output.c **** 		HAL_GPIO_WritePin(F_GPIO_Port, F_Pin, 0);
 497              		.loc 1 121 3 view .LVU144
 498 005c 0022     		movs	r2, #0
 499 005e 4FF48041 		mov	r1, #16384
 500 0062 2046     		mov	r0, r4
 501 0064 FFF7FEFF 		bl	HAL_GPIO_WritePin
 502              	.LVL45:
 122:Core/Src/output.c **** 		HAL_GPIO_WritePin(G_GPIO_Port, G_Pin, 1);
 503              		.loc 1 122 3 view .LVU145
 504 0068 0122     		movs	r2, #1
 505 006a 4FF40041 		mov	r1, #32768
 506 006e 2046     		mov	r0, r4
 507 0070 FFF7FEFF 		bl	HAL_GPIO_WritePin
 508              	.LVL46:
 123:Core/Src/output.c **** 		break;
 509              		.loc 1 123 3 view .LVU146
 510              	.L25:
 124:Core/Src/output.c **** 	case 1:
 125:Core/Src/output.c **** 		HAL_GPIO_WritePin(A_GPIO_Port, A_Pin, 1);
 126:Core/Src/output.c **** 		HAL_GPIO_WritePin(B_GPIO_Port, B_Pin, 0);
 127:Core/Src/output.c **** 		HAL_GPIO_WritePin(C_GPIO_Port, C_Pin, 0);
 128:Core/Src/output.c **** 		HAL_GPIO_WritePin(D_GPIO_Port, D_Pin, 1);
 129:Core/Src/output.c **** 		HAL_GPIO_WritePin(E_GPIO_Port, E_Pin, 1);
 130:Core/Src/output.c **** 		HAL_GPIO_WritePin(F_GPIO_Port, F_Pin, 1);
 131:Core/Src/output.c **** 		HAL_GPIO_WritePin(G_GPIO_Port, G_Pin, 1);
 132:Core/Src/output.c **** 		break;
 133:Core/Src/output.c **** 	case 2:
 134:Core/Src/output.c **** 		HAL_GPIO_WritePin(A_GPIO_Port, A_Pin, 0);
 135:Core/Src/output.c **** 		HAL_GPIO_WritePin(B_GPIO_Port, B_Pin, 0);
 136:Core/Src/output.c **** 		HAL_GPIO_WritePin(C_GPIO_Port, C_Pin, 1);
 137:Core/Src/output.c **** 		HAL_GPIO_WritePin(D_GPIO_Port, D_Pin, 0);
 138:Core/Src/output.c **** 		HAL_GPIO_WritePin(E_GPIO_Port, E_Pin, 0);
 139:Core/Src/output.c **** 		HAL_GPIO_WritePin(F_GPIO_Port, F_Pin, 1);
 140:Core/Src/output.c **** 		HAL_GPIO_WritePin(G_GPIO_Port, G_Pin, 0);
 141:Core/Src/output.c **** 		break;
 142:Core/Src/output.c **** 	case 3:
 143:Core/Src/output.c **** 		HAL_GPIO_WritePin(A_GPIO_Port, A_Pin, 0);
 144:Core/Src/output.c **** 		HAL_GPIO_WritePin(B_GPIO_Port, B_Pin, 0);
 145:Core/Src/output.c **** 		HAL_GPIO_WritePin(C_GPIO_Port, C_Pin, 0);
 146:Core/Src/output.c **** 		HAL_GPIO_WritePin(D_GPIO_Port, D_Pin, 0);
 147:Core/Src/output.c **** 		HAL_GPIO_WritePin(E_GPIO_Port, E_Pin, 1);
 148:Core/Src/output.c **** 		HAL_GPIO_WritePin(F_GPIO_Port, F_Pin, 1);
 149:Core/Src/output.c **** 		HAL_GPIO_WritePin(G_GPIO_Port, G_Pin, 0);
 150:Core/Src/output.c **** 		break;
 151:Core/Src/output.c **** 	case 4:
 152:Core/Src/output.c **** 		HAL_GPIO_WritePin(A_GPIO_Port, A_Pin, 1);
 153:Core/Src/output.c **** 		HAL_GPIO_WritePin(B_GPIO_Port, B_Pin, 0);
 154:Core/Src/output.c **** 		HAL_GPIO_WritePin(C_GPIO_Port, C_Pin, 0);
 155:Core/Src/output.c **** 		HAL_GPIO_WritePin(D_GPIO_Port, D_Pin, 1);
 156:Core/Src/output.c **** 		HAL_GPIO_WritePin(E_GPIO_Port, E_Pin, 1);
 157:Core/Src/output.c **** 		HAL_GPIO_WritePin(F_GPIO_Port, F_Pin, 0);
 158:Core/Src/output.c **** 		HAL_GPIO_WritePin(G_GPIO_Port, G_Pin, 0);
 159:Core/Src/output.c **** 		break;
 160:Core/Src/output.c **** 	case 5:
 161:Core/Src/output.c **** 		HAL_GPIO_WritePin(A_GPIO_Port, A_Pin, 0);
 162:Core/Src/output.c **** 		HAL_GPIO_WritePin(B_GPIO_Port, B_Pin, 1);
 163:Core/Src/output.c **** 		HAL_GPIO_WritePin(C_GPIO_Port, C_Pin, 0);
ARM GAS  C:\Users\ADMIN\AppData\Local\Temp\ccLpBWs9.s 			page 14


 164:Core/Src/output.c **** 		HAL_GPIO_WritePin(D_GPIO_Port, D_Pin, 0);
 165:Core/Src/output.c **** 		HAL_GPIO_WritePin(E_GPIO_Port, E_Pin, 1);
 166:Core/Src/output.c **** 		HAL_GPIO_WritePin(F_GPIO_Port, F_Pin, 0);
 167:Core/Src/output.c **** 		HAL_GPIO_WritePin(G_GPIO_Port, G_Pin, 0);
 168:Core/Src/output.c **** 		break;
 169:Core/Src/output.c **** 	case 6:
 170:Core/Src/output.c **** 		HAL_GPIO_WritePin(A_GPIO_Port, A_Pin, 0);
 171:Core/Src/output.c **** 		HAL_GPIO_WritePin(B_GPIO_Port, B_Pin, 1);
 172:Core/Src/output.c **** 		HAL_GPIO_WritePin(C_GPIO_Port, C_Pin, 0);
 173:Core/Src/output.c **** 		HAL_GPIO_WritePin(D_GPIO_Port, D_Pin, 0);
 174:Core/Src/output.c **** 		HAL_GPIO_WritePin(E_GPIO_Port, E_Pin, 0);
 175:Core/Src/output.c **** 		HAL_GPIO_WritePin(F_GPIO_Port, F_Pin, 0);
 176:Core/Src/output.c **** 		HAL_GPIO_WritePin(G_GPIO_Port, G_Pin, 0);
 177:Core/Src/output.c **** 		break;
 178:Core/Src/output.c **** 	case 7:
 179:Core/Src/output.c **** 		HAL_GPIO_WritePin(A_GPIO_Port, A_Pin, 0);
 180:Core/Src/output.c **** 		HAL_GPIO_WritePin(B_GPIO_Port, B_Pin, 0);
 181:Core/Src/output.c **** 		HAL_GPIO_WritePin(C_GPIO_Port, C_Pin, 0);
 182:Core/Src/output.c **** 		HAL_GPIO_WritePin(D_GPIO_Port, D_Pin, 1);
 183:Core/Src/output.c **** 		HAL_GPIO_WritePin(E_GPIO_Port, E_Pin, 1);
 184:Core/Src/output.c **** 		HAL_GPIO_WritePin(F_GPIO_Port, F_Pin, 1);
 185:Core/Src/output.c **** 		HAL_GPIO_WritePin(G_GPIO_Port, G_Pin, 1);
 186:Core/Src/output.c **** 		break;
 187:Core/Src/output.c **** 	case 8:
 188:Core/Src/output.c **** 		HAL_GPIO_WritePin(A_GPIO_Port, A_Pin, 0);
 189:Core/Src/output.c **** 		HAL_GPIO_WritePin(B_GPIO_Port, B_Pin, 0);
 190:Core/Src/output.c **** 		HAL_GPIO_WritePin(C_GPIO_Port, C_Pin, 0);
 191:Core/Src/output.c **** 		HAL_GPIO_WritePin(D_GPIO_Port, D_Pin, 0);
 192:Core/Src/output.c **** 		HAL_GPIO_WritePin(E_GPIO_Port, E_Pin, 0);
 193:Core/Src/output.c **** 		HAL_GPIO_WritePin(F_GPIO_Port, F_Pin, 0);
 194:Core/Src/output.c **** 		HAL_GPIO_WritePin(G_GPIO_Port, G_Pin, 0);
 195:Core/Src/output.c **** 		break;
 196:Core/Src/output.c **** 	case 9:
 197:Core/Src/output.c **** 		HAL_GPIO_WritePin(A_GPIO_Port, A_Pin, 0);
 198:Core/Src/output.c **** 		HAL_GPIO_WritePin(B_GPIO_Port, B_Pin, 0);
 199:Core/Src/output.c **** 		HAL_GPIO_WritePin(C_GPIO_Port, C_Pin, 0);
 200:Core/Src/output.c **** 		HAL_GPIO_WritePin(D_GPIO_Port, D_Pin, 0);
 201:Core/Src/output.c **** 		HAL_GPIO_WritePin(E_GPIO_Port, E_Pin, 1);
 202:Core/Src/output.c **** 		HAL_GPIO_WritePin(F_GPIO_Port, F_Pin, 0);
 203:Core/Src/output.c **** 		HAL_GPIO_WritePin(G_GPIO_Port, G_Pin, 0);
 204:Core/Src/output.c **** 		break;
 205:Core/Src/output.c **** 	}
 206:Core/Src/output.c **** }
 511              		.loc 1 206 1 is_stmt 0 view .LVU147
 512 0074 10BD     		pop	{r4, pc}
 513              	.LVL47:
 514              	.L36:
 125:Core/Src/output.c **** 		HAL_GPIO_WritePin(B_GPIO_Port, B_Pin, 0);
 515              		.loc 1 125 3 is_stmt 1 view .LVU148
 516 0076 C64C     		ldr	r4, .L40
 517 0078 0122     		movs	r2, #1
 518 007a 4FF40071 		mov	r1, #512
 519 007e 2046     		mov	r0, r4
 520              	.LVL48:
 125:Core/Src/output.c **** 		HAL_GPIO_WritePin(B_GPIO_Port, B_Pin, 0);
 521              		.loc 1 125 3 is_stmt 0 view .LVU149
 522 0080 FFF7FEFF 		bl	HAL_GPIO_WritePin
ARM GAS  C:\Users\ADMIN\AppData\Local\Temp\ccLpBWs9.s 			page 15


 523              	.LVL49:
 126:Core/Src/output.c **** 		HAL_GPIO_WritePin(C_GPIO_Port, C_Pin, 0);
 524              		.loc 1 126 3 is_stmt 1 view .LVU150
 525 0084 0022     		movs	r2, #0
 526 0086 4FF48061 		mov	r1, #1024
 527 008a 2046     		mov	r0, r4
 528 008c FFF7FEFF 		bl	HAL_GPIO_WritePin
 529              	.LVL50:
 127:Core/Src/output.c **** 		HAL_GPIO_WritePin(D_GPIO_Port, D_Pin, 1);
 530              		.loc 1 127 3 view .LVU151
 531 0090 0022     		movs	r2, #0
 532 0092 4FF40061 		mov	r1, #2048
 533 0096 2046     		mov	r0, r4
 534 0098 FFF7FEFF 		bl	HAL_GPIO_WritePin
 535              	.LVL51:
 128:Core/Src/output.c **** 		HAL_GPIO_WritePin(E_GPIO_Port, E_Pin, 1);
 536              		.loc 1 128 3 view .LVU152
 537 009c 0122     		movs	r2, #1
 538 009e 4FF48051 		mov	r1, #4096
 539 00a2 2046     		mov	r0, r4
 540 00a4 FFF7FEFF 		bl	HAL_GPIO_WritePin
 541              	.LVL52:
 129:Core/Src/output.c **** 		HAL_GPIO_WritePin(F_GPIO_Port, F_Pin, 1);
 542              		.loc 1 129 3 view .LVU153
 543 00a8 0122     		movs	r2, #1
 544 00aa 4FF40051 		mov	r1, #8192
 545 00ae 2046     		mov	r0, r4
 546 00b0 FFF7FEFF 		bl	HAL_GPIO_WritePin
 547              	.LVL53:
 130:Core/Src/output.c **** 		HAL_GPIO_WritePin(G_GPIO_Port, G_Pin, 1);
 548              		.loc 1 130 3 view .LVU154
 549 00b4 0122     		movs	r2, #1
 550 00b6 4FF48041 		mov	r1, #16384
 551 00ba 2046     		mov	r0, r4
 552 00bc FFF7FEFF 		bl	HAL_GPIO_WritePin
 553              	.LVL54:
 131:Core/Src/output.c **** 		break;
 554              		.loc 1 131 3 view .LVU155
 555 00c0 0122     		movs	r2, #1
 556 00c2 4FF40041 		mov	r1, #32768
 557 00c6 2046     		mov	r0, r4
 558 00c8 FFF7FEFF 		bl	HAL_GPIO_WritePin
 559              	.LVL55:
 132:Core/Src/output.c **** 	case 2:
 560              		.loc 1 132 3 view .LVU156
 561 00cc D2E7     		b	.L25
 562              	.LVL56:
 563              	.L35:
 134:Core/Src/output.c **** 		HAL_GPIO_WritePin(B_GPIO_Port, B_Pin, 0);
 564              		.loc 1 134 3 view .LVU157
 565 00ce B04C     		ldr	r4, .L40
 566 00d0 0022     		movs	r2, #0
 567 00d2 4FF40071 		mov	r1, #512
 568 00d6 2046     		mov	r0, r4
 569              	.LVL57:
 134:Core/Src/output.c **** 		HAL_GPIO_WritePin(B_GPIO_Port, B_Pin, 0);
 570              		.loc 1 134 3 is_stmt 0 view .LVU158
ARM GAS  C:\Users\ADMIN\AppData\Local\Temp\ccLpBWs9.s 			page 16


 571 00d8 FFF7FEFF 		bl	HAL_GPIO_WritePin
 572              	.LVL58:
 135:Core/Src/output.c **** 		HAL_GPIO_WritePin(C_GPIO_Port, C_Pin, 1);
 573              		.loc 1 135 3 is_stmt 1 view .LVU159
 574 00dc 0022     		movs	r2, #0
 575 00de 4FF48061 		mov	r1, #1024
 576 00e2 2046     		mov	r0, r4
 577 00e4 FFF7FEFF 		bl	HAL_GPIO_WritePin
 578              	.LVL59:
 136:Core/Src/output.c **** 		HAL_GPIO_WritePin(D_GPIO_Port, D_Pin, 0);
 579              		.loc 1 136 3 view .LVU160
 580 00e8 0122     		movs	r2, #1
 581 00ea 4FF40061 		mov	r1, #2048
 582 00ee 2046     		mov	r0, r4
 583 00f0 FFF7FEFF 		bl	HAL_GPIO_WritePin
 584              	.LVL60:
 137:Core/Src/output.c **** 		HAL_GPIO_WritePin(E_GPIO_Port, E_Pin, 0);
 585              		.loc 1 137 3 view .LVU161
 586 00f4 0022     		movs	r2, #0
 587 00f6 4FF48051 		mov	r1, #4096
 588 00fa 2046     		mov	r0, r4
 589 00fc FFF7FEFF 		bl	HAL_GPIO_WritePin
 590              	.LVL61:
 138:Core/Src/output.c **** 		HAL_GPIO_WritePin(F_GPIO_Port, F_Pin, 1);
 591              		.loc 1 138 3 view .LVU162
 592 0100 0022     		movs	r2, #0
 593 0102 4FF40051 		mov	r1, #8192
 594 0106 2046     		mov	r0, r4
 595 0108 FFF7FEFF 		bl	HAL_GPIO_WritePin
 596              	.LVL62:
 139:Core/Src/output.c **** 		HAL_GPIO_WritePin(G_GPIO_Port, G_Pin, 0);
 597              		.loc 1 139 3 view .LVU163
 598 010c 0122     		movs	r2, #1
 599 010e 4FF48041 		mov	r1, #16384
 600 0112 2046     		mov	r0, r4
 601 0114 FFF7FEFF 		bl	HAL_GPIO_WritePin
 602              	.LVL63:
 140:Core/Src/output.c **** 		break;
 603              		.loc 1 140 3 view .LVU164
 604 0118 0022     		movs	r2, #0
 605 011a 4FF40041 		mov	r1, #32768
 606 011e 2046     		mov	r0, r4
 607 0120 FFF7FEFF 		bl	HAL_GPIO_WritePin
 608              	.LVL64:
 141:Core/Src/output.c **** 	case 3:
 609              		.loc 1 141 3 view .LVU165
 610 0124 A6E7     		b	.L25
 611              	.LVL65:
 612              	.L34:
 143:Core/Src/output.c **** 		HAL_GPIO_WritePin(B_GPIO_Port, B_Pin, 0);
 613              		.loc 1 143 3 view .LVU166
 614 0126 9A4C     		ldr	r4, .L40
 615 0128 0022     		movs	r2, #0
 616 012a 4FF40071 		mov	r1, #512
 617 012e 2046     		mov	r0, r4
 618              	.LVL66:
 143:Core/Src/output.c **** 		HAL_GPIO_WritePin(B_GPIO_Port, B_Pin, 0);
ARM GAS  C:\Users\ADMIN\AppData\Local\Temp\ccLpBWs9.s 			page 17


 619              		.loc 1 143 3 is_stmt 0 view .LVU167
 620 0130 FFF7FEFF 		bl	HAL_GPIO_WritePin
 621              	.LVL67:
 144:Core/Src/output.c **** 		HAL_GPIO_WritePin(C_GPIO_Port, C_Pin, 0);
 622              		.loc 1 144 3 is_stmt 1 view .LVU168
 623 0134 0022     		movs	r2, #0
 624 0136 4FF48061 		mov	r1, #1024
 625 013a 2046     		mov	r0, r4
 626 013c FFF7FEFF 		bl	HAL_GPIO_WritePin
 627              	.LVL68:
 145:Core/Src/output.c **** 		HAL_GPIO_WritePin(D_GPIO_Port, D_Pin, 0);
 628              		.loc 1 145 3 view .LVU169
 629 0140 0022     		movs	r2, #0
 630 0142 4FF40061 		mov	r1, #2048
 631 0146 2046     		mov	r0, r4
 632 0148 FFF7FEFF 		bl	HAL_GPIO_WritePin
 633              	.LVL69:
 146:Core/Src/output.c **** 		HAL_GPIO_WritePin(E_GPIO_Port, E_Pin, 1);
 634              		.loc 1 146 3 view .LVU170
 635 014c 0022     		movs	r2, #0
 636 014e 4FF48051 		mov	r1, #4096
 637 0152 2046     		mov	r0, r4
 638 0154 FFF7FEFF 		bl	HAL_GPIO_WritePin
 639              	.LVL70:
 147:Core/Src/output.c **** 		HAL_GPIO_WritePin(F_GPIO_Port, F_Pin, 1);
 640              		.loc 1 147 3 view .LVU171
 641 0158 0122     		movs	r2, #1
 642 015a 4FF40051 		mov	r1, #8192
 643 015e 2046     		mov	r0, r4
 644 0160 FFF7FEFF 		bl	HAL_GPIO_WritePin
 645              	.LVL71:
 148:Core/Src/output.c **** 		HAL_GPIO_WritePin(G_GPIO_Port, G_Pin, 0);
 646              		.loc 1 148 3 view .LVU172
 647 0164 0122     		movs	r2, #1
 648 0166 4FF48041 		mov	r1, #16384
 649 016a 2046     		mov	r0, r4
 650 016c FFF7FEFF 		bl	HAL_GPIO_WritePin
 651              	.LVL72:
 149:Core/Src/output.c **** 		break;
 652              		.loc 1 149 3 view .LVU173
 653 0170 0022     		movs	r2, #0
 654 0172 4FF40041 		mov	r1, #32768
 655 0176 2046     		mov	r0, r4
 656 0178 FFF7FEFF 		bl	HAL_GPIO_WritePin
 657              	.LVL73:
 150:Core/Src/output.c **** 	case 4:
 658              		.loc 1 150 3 view .LVU174
 659 017c 7AE7     		b	.L25
 660              	.LVL74:
 661              	.L33:
 152:Core/Src/output.c **** 		HAL_GPIO_WritePin(B_GPIO_Port, B_Pin, 0);
 662              		.loc 1 152 3 view .LVU175
 663 017e 844C     		ldr	r4, .L40
 664 0180 0122     		movs	r2, #1
 665 0182 4FF40071 		mov	r1, #512
 666 0186 2046     		mov	r0, r4
 667              	.LVL75:
ARM GAS  C:\Users\ADMIN\AppData\Local\Temp\ccLpBWs9.s 			page 18


 152:Core/Src/output.c **** 		HAL_GPIO_WritePin(B_GPIO_Port, B_Pin, 0);
 668              		.loc 1 152 3 is_stmt 0 view .LVU176
 669 0188 FFF7FEFF 		bl	HAL_GPIO_WritePin
 670              	.LVL76:
 153:Core/Src/output.c **** 		HAL_GPIO_WritePin(C_GPIO_Port, C_Pin, 0);
 671              		.loc 1 153 3 is_stmt 1 view .LVU177
 672 018c 0022     		movs	r2, #0
 673 018e 4FF48061 		mov	r1, #1024
 674 0192 2046     		mov	r0, r4
 675 0194 FFF7FEFF 		bl	HAL_GPIO_WritePin
 676              	.LVL77:
 154:Core/Src/output.c **** 		HAL_GPIO_WritePin(D_GPIO_Port, D_Pin, 1);
 677              		.loc 1 154 3 view .LVU178
 678 0198 0022     		movs	r2, #0
 679 019a 4FF40061 		mov	r1, #2048
 680 019e 2046     		mov	r0, r4
 681 01a0 FFF7FEFF 		bl	HAL_GPIO_WritePin
 682              	.LVL78:
 155:Core/Src/output.c **** 		HAL_GPIO_WritePin(E_GPIO_Port, E_Pin, 1);
 683              		.loc 1 155 3 view .LVU179
 684 01a4 0122     		movs	r2, #1
 685 01a6 4FF48051 		mov	r1, #4096
 686 01aa 2046     		mov	r0, r4
 687 01ac FFF7FEFF 		bl	HAL_GPIO_WritePin
 688              	.LVL79:
 156:Core/Src/output.c **** 		HAL_GPIO_WritePin(F_GPIO_Port, F_Pin, 0);
 689              		.loc 1 156 3 view .LVU180
 690 01b0 0122     		movs	r2, #1
 691 01b2 4FF40051 		mov	r1, #8192
 692 01b6 2046     		mov	r0, r4
 693 01b8 FFF7FEFF 		bl	HAL_GPIO_WritePin
 694              	.LVL80:
 157:Core/Src/output.c **** 		HAL_GPIO_WritePin(G_GPIO_Port, G_Pin, 0);
 695              		.loc 1 157 3 view .LVU181
 696 01bc 0022     		movs	r2, #0
 697 01be 4FF48041 		mov	r1, #16384
 698 01c2 2046     		mov	r0, r4
 699 01c4 FFF7FEFF 		bl	HAL_GPIO_WritePin
 700              	.LVL81:
 158:Core/Src/output.c **** 		break;
 701              		.loc 1 158 3 view .LVU182
 702 01c8 0022     		movs	r2, #0
 703 01ca 4FF40041 		mov	r1, #32768
 704 01ce 2046     		mov	r0, r4
 705 01d0 FFF7FEFF 		bl	HAL_GPIO_WritePin
 706              	.LVL82:
 159:Core/Src/output.c **** 	case 5:
 707              		.loc 1 159 3 view .LVU183
 708 01d4 4EE7     		b	.L25
 709              	.LVL83:
 710              	.L32:
 161:Core/Src/output.c **** 		HAL_GPIO_WritePin(B_GPIO_Port, B_Pin, 1);
 711              		.loc 1 161 3 view .LVU184
 712 01d6 6E4C     		ldr	r4, .L40
 713 01d8 0022     		movs	r2, #0
 714 01da 4FF40071 		mov	r1, #512
 715 01de 2046     		mov	r0, r4
ARM GAS  C:\Users\ADMIN\AppData\Local\Temp\ccLpBWs9.s 			page 19


 716              	.LVL84:
 161:Core/Src/output.c **** 		HAL_GPIO_WritePin(B_GPIO_Port, B_Pin, 1);
 717              		.loc 1 161 3 is_stmt 0 view .LVU185
 718 01e0 FFF7FEFF 		bl	HAL_GPIO_WritePin
 719              	.LVL85:
 162:Core/Src/output.c **** 		HAL_GPIO_WritePin(C_GPIO_Port, C_Pin, 0);
 720              		.loc 1 162 3 is_stmt 1 view .LVU186
 721 01e4 0122     		movs	r2, #1
 722 01e6 4FF48061 		mov	r1, #1024
 723 01ea 2046     		mov	r0, r4
 724 01ec FFF7FEFF 		bl	HAL_GPIO_WritePin
 725              	.LVL86:
 163:Core/Src/output.c **** 		HAL_GPIO_WritePin(D_GPIO_Port, D_Pin, 0);
 726              		.loc 1 163 3 view .LVU187
 727 01f0 0022     		movs	r2, #0
 728 01f2 4FF40061 		mov	r1, #2048
 729 01f6 2046     		mov	r0, r4
 730 01f8 FFF7FEFF 		bl	HAL_GPIO_WritePin
 731              	.LVL87:
 164:Core/Src/output.c **** 		HAL_GPIO_WritePin(E_GPIO_Port, E_Pin, 1);
 732              		.loc 1 164 3 view .LVU188
 733 01fc 0022     		movs	r2, #0
 734 01fe 4FF48051 		mov	r1, #4096
 735 0202 2046     		mov	r0, r4
 736 0204 FFF7FEFF 		bl	HAL_GPIO_WritePin
 737              	.LVL88:
 165:Core/Src/output.c **** 		HAL_GPIO_WritePin(F_GPIO_Port, F_Pin, 0);
 738              		.loc 1 165 3 view .LVU189
 739 0208 0122     		movs	r2, #1
 740 020a 4FF40051 		mov	r1, #8192
 741 020e 2046     		mov	r0, r4
 742 0210 FFF7FEFF 		bl	HAL_GPIO_WritePin
 743              	.LVL89:
 166:Core/Src/output.c **** 		HAL_GPIO_WritePin(G_GPIO_Port, G_Pin, 0);
 744              		.loc 1 166 3 view .LVU190
 745 0214 0022     		movs	r2, #0
 746 0216 4FF48041 		mov	r1, #16384
 747 021a 2046     		mov	r0, r4
 748 021c FFF7FEFF 		bl	HAL_GPIO_WritePin
 749              	.LVL90:
 167:Core/Src/output.c **** 		break;
 750              		.loc 1 167 3 view .LVU191
 751 0220 0022     		movs	r2, #0
 752 0222 4FF40041 		mov	r1, #32768
 753 0226 2046     		mov	r0, r4
 754 0228 FFF7FEFF 		bl	HAL_GPIO_WritePin
 755              	.LVL91:
 168:Core/Src/output.c **** 	case 6:
 756              		.loc 1 168 3 view .LVU192
 757 022c 22E7     		b	.L25
 758              	.LVL92:
 759              	.L31:
 170:Core/Src/output.c **** 		HAL_GPIO_WritePin(B_GPIO_Port, B_Pin, 1);
 760              		.loc 1 170 3 view .LVU193
 761 022e 584C     		ldr	r4, .L40
 762 0230 0022     		movs	r2, #0
 763 0232 4FF40071 		mov	r1, #512
ARM GAS  C:\Users\ADMIN\AppData\Local\Temp\ccLpBWs9.s 			page 20


 764 0236 2046     		mov	r0, r4
 765              	.LVL93:
 170:Core/Src/output.c **** 		HAL_GPIO_WritePin(B_GPIO_Port, B_Pin, 1);
 766              		.loc 1 170 3 is_stmt 0 view .LVU194
 767 0238 FFF7FEFF 		bl	HAL_GPIO_WritePin
 768              	.LVL94:
 171:Core/Src/output.c **** 		HAL_GPIO_WritePin(C_GPIO_Port, C_Pin, 0);
 769              		.loc 1 171 3 is_stmt 1 view .LVU195
 770 023c 0122     		movs	r2, #1
 771 023e 4FF48061 		mov	r1, #1024
 772 0242 2046     		mov	r0, r4
 773 0244 FFF7FEFF 		bl	HAL_GPIO_WritePin
 774              	.LVL95:
 172:Core/Src/output.c **** 		HAL_GPIO_WritePin(D_GPIO_Port, D_Pin, 0);
 775              		.loc 1 172 3 view .LVU196
 776 0248 0022     		movs	r2, #0
 777 024a 4FF40061 		mov	r1, #2048
 778 024e 2046     		mov	r0, r4
 779 0250 FFF7FEFF 		bl	HAL_GPIO_WritePin
 780              	.LVL96:
 173:Core/Src/output.c **** 		HAL_GPIO_WritePin(E_GPIO_Port, E_Pin, 0);
 781              		.loc 1 173 3 view .LVU197
 782 0254 0022     		movs	r2, #0
 783 0256 4FF48051 		mov	r1, #4096
 784 025a 2046     		mov	r0, r4
 785 025c FFF7FEFF 		bl	HAL_GPIO_WritePin
 786              	.LVL97:
 174:Core/Src/output.c **** 		HAL_GPIO_WritePin(F_GPIO_Port, F_Pin, 0);
 787              		.loc 1 174 3 view .LVU198
 788 0260 0022     		movs	r2, #0
 789 0262 4FF40051 		mov	r1, #8192
 790 0266 2046     		mov	r0, r4
 791 0268 FFF7FEFF 		bl	HAL_GPIO_WritePin
 792              	.LVL98:
 175:Core/Src/output.c **** 		HAL_GPIO_WritePin(G_GPIO_Port, G_Pin, 0);
 793              		.loc 1 175 3 view .LVU199
 794 026c 0022     		movs	r2, #0
 795 026e 4FF48041 		mov	r1, #16384
 796 0272 2046     		mov	r0, r4
 797 0274 FFF7FEFF 		bl	HAL_GPIO_WritePin
 798              	.LVL99:
 176:Core/Src/output.c **** 		break;
 799              		.loc 1 176 3 view .LVU200
 800 0278 0022     		movs	r2, #0
 801 027a 4FF40041 		mov	r1, #32768
 802 027e 2046     		mov	r0, r4
 803 0280 FFF7FEFF 		bl	HAL_GPIO_WritePin
 804              	.LVL100:
 177:Core/Src/output.c **** 	case 7:
 805              		.loc 1 177 3 view .LVU201
 806 0284 F6E6     		b	.L25
 807              	.LVL101:
 808              	.L30:
 179:Core/Src/output.c **** 		HAL_GPIO_WritePin(B_GPIO_Port, B_Pin, 0);
 809              		.loc 1 179 3 view .LVU202
 810 0286 424C     		ldr	r4, .L40
 811 0288 0022     		movs	r2, #0
ARM GAS  C:\Users\ADMIN\AppData\Local\Temp\ccLpBWs9.s 			page 21


 812 028a 4FF40071 		mov	r1, #512
 813 028e 2046     		mov	r0, r4
 814              	.LVL102:
 179:Core/Src/output.c **** 		HAL_GPIO_WritePin(B_GPIO_Port, B_Pin, 0);
 815              		.loc 1 179 3 is_stmt 0 view .LVU203
 816 0290 FFF7FEFF 		bl	HAL_GPIO_WritePin
 817              	.LVL103:
 180:Core/Src/output.c **** 		HAL_GPIO_WritePin(C_GPIO_Port, C_Pin, 0);
 818              		.loc 1 180 3 is_stmt 1 view .LVU204
 819 0294 0022     		movs	r2, #0
 820 0296 4FF48061 		mov	r1, #1024
 821 029a 2046     		mov	r0, r4
 822 029c FFF7FEFF 		bl	HAL_GPIO_WritePin
 823              	.LVL104:
 181:Core/Src/output.c **** 		HAL_GPIO_WritePin(D_GPIO_Port, D_Pin, 1);
 824              		.loc 1 181 3 view .LVU205
 825 02a0 0022     		movs	r2, #0
 826 02a2 4FF40061 		mov	r1, #2048
 827 02a6 2046     		mov	r0, r4
 828 02a8 FFF7FEFF 		bl	HAL_GPIO_WritePin
 829              	.LVL105:
 182:Core/Src/output.c **** 		HAL_GPIO_WritePin(E_GPIO_Port, E_Pin, 1);
 830              		.loc 1 182 3 view .LVU206
 831 02ac 0122     		movs	r2, #1
 832 02ae 4FF48051 		mov	r1, #4096
 833 02b2 2046     		mov	r0, r4
 834 02b4 FFF7FEFF 		bl	HAL_GPIO_WritePin
 835              	.LVL106:
 183:Core/Src/output.c **** 		HAL_GPIO_WritePin(F_GPIO_Port, F_Pin, 1);
 836              		.loc 1 183 3 view .LVU207
 837 02b8 0122     		movs	r2, #1
 838 02ba 4FF40051 		mov	r1, #8192
 839 02be 2046     		mov	r0, r4
 840 02c0 FFF7FEFF 		bl	HAL_GPIO_WritePin
 841              	.LVL107:
 184:Core/Src/output.c **** 		HAL_GPIO_WritePin(G_GPIO_Port, G_Pin, 1);
 842              		.loc 1 184 3 view .LVU208
 843 02c4 0122     		movs	r2, #1
 844 02c6 4FF48041 		mov	r1, #16384
 845 02ca 2046     		mov	r0, r4
 846 02cc FFF7FEFF 		bl	HAL_GPIO_WritePin
 847              	.LVL108:
 185:Core/Src/output.c **** 		break;
 848              		.loc 1 185 3 view .LVU209
 849 02d0 0122     		movs	r2, #1
 850 02d2 4FF40041 		mov	r1, #32768
 851 02d6 2046     		mov	r0, r4
 852 02d8 FFF7FEFF 		bl	HAL_GPIO_WritePin
 853              	.LVL109:
 186:Core/Src/output.c **** 	case 8:
 854              		.loc 1 186 3 view .LVU210
 855 02dc CAE6     		b	.L25
 856              	.LVL110:
 857              	.L29:
 188:Core/Src/output.c **** 		HAL_GPIO_WritePin(B_GPIO_Port, B_Pin, 0);
 858              		.loc 1 188 3 view .LVU211
 859 02de 2C4C     		ldr	r4, .L40
ARM GAS  C:\Users\ADMIN\AppData\Local\Temp\ccLpBWs9.s 			page 22


 860 02e0 0022     		movs	r2, #0
 861 02e2 4FF40071 		mov	r1, #512
 862 02e6 2046     		mov	r0, r4
 863              	.LVL111:
 188:Core/Src/output.c **** 		HAL_GPIO_WritePin(B_GPIO_Port, B_Pin, 0);
 864              		.loc 1 188 3 is_stmt 0 view .LVU212
 865 02e8 FFF7FEFF 		bl	HAL_GPIO_WritePin
 866              	.LVL112:
 189:Core/Src/output.c **** 		HAL_GPIO_WritePin(C_GPIO_Port, C_Pin, 0);
 867              		.loc 1 189 3 is_stmt 1 view .LVU213
 868 02ec 0022     		movs	r2, #0
 869 02ee 4FF48061 		mov	r1, #1024
 870 02f2 2046     		mov	r0, r4
 871 02f4 FFF7FEFF 		bl	HAL_GPIO_WritePin
 872              	.LVL113:
 190:Core/Src/output.c **** 		HAL_GPIO_WritePin(D_GPIO_Port, D_Pin, 0);
 873              		.loc 1 190 3 view .LVU214
 874 02f8 0022     		movs	r2, #0
 875 02fa 4FF40061 		mov	r1, #2048
 876 02fe 2046     		mov	r0, r4
 877 0300 FFF7FEFF 		bl	HAL_GPIO_WritePin
 878              	.LVL114:
 191:Core/Src/output.c **** 		HAL_GPIO_WritePin(E_GPIO_Port, E_Pin, 0);
 879              		.loc 1 191 3 view .LVU215
 880 0304 0022     		movs	r2, #0
 881 0306 4FF48051 		mov	r1, #4096
 882 030a 2046     		mov	r0, r4
 883 030c FFF7FEFF 		bl	HAL_GPIO_WritePin
 884              	.LVL115:
 192:Core/Src/output.c **** 		HAL_GPIO_WritePin(F_GPIO_Port, F_Pin, 0);
 885              		.loc 1 192 3 view .LVU216
 886 0310 0022     		movs	r2, #0
 887 0312 4FF40051 		mov	r1, #8192
 888 0316 2046     		mov	r0, r4
 889 0318 FFF7FEFF 		bl	HAL_GPIO_WritePin
 890              	.LVL116:
 193:Core/Src/output.c **** 		HAL_GPIO_WritePin(G_GPIO_Port, G_Pin, 0);
 891              		.loc 1 193 3 view .LVU217
 892 031c 0022     		movs	r2, #0
 893 031e 4FF48041 		mov	r1, #16384
 894 0322 2046     		mov	r0, r4
 895 0324 FFF7FEFF 		bl	HAL_GPIO_WritePin
 896              	.LVL117:
 194:Core/Src/output.c **** 		break;
 897              		.loc 1 194 3 view .LVU218
 898 0328 0022     		movs	r2, #0
 899 032a 4FF40041 		mov	r1, #32768
 900 032e 2046     		mov	r0, r4
 901 0330 FFF7FEFF 		bl	HAL_GPIO_WritePin
 902              	.LVL118:
 195:Core/Src/output.c **** 	case 9:
 903              		.loc 1 195 3 view .LVU219
 904 0334 9EE6     		b	.L25
 905              	.LVL119:
 906              	.L27:
 197:Core/Src/output.c **** 		HAL_GPIO_WritePin(B_GPIO_Port, B_Pin, 0);
 907              		.loc 1 197 3 view .LVU220
ARM GAS  C:\Users\ADMIN\AppData\Local\Temp\ccLpBWs9.s 			page 23


 908 0336 164C     		ldr	r4, .L40
 909 0338 0022     		movs	r2, #0
 910 033a 4FF40071 		mov	r1, #512
 911 033e 2046     		mov	r0, r4
 912              	.LVL120:
 197:Core/Src/output.c **** 		HAL_GPIO_WritePin(B_GPIO_Port, B_Pin, 0);
 913              		.loc 1 197 3 is_stmt 0 view .LVU221
 914 0340 FFF7FEFF 		bl	HAL_GPIO_WritePin
 915              	.LVL121:
 198:Core/Src/output.c **** 		HAL_GPIO_WritePin(C_GPIO_Port, C_Pin, 0);
 916              		.loc 1 198 3 is_stmt 1 view .LVU222
 917 0344 0022     		movs	r2, #0
 918 0346 4FF48061 		mov	r1, #1024
 919 034a 2046     		mov	r0, r4
 920 034c FFF7FEFF 		bl	HAL_GPIO_WritePin
 921              	.LVL122:
 199:Core/Src/output.c **** 		HAL_GPIO_WritePin(D_GPIO_Port, D_Pin, 0);
 922              		.loc 1 199 3 view .LVU223
 923 0350 0022     		movs	r2, #0
 924 0352 4FF40061 		mov	r1, #2048
 925 0356 2046     		mov	r0, r4
 926 0358 FFF7FEFF 		bl	HAL_GPIO_WritePin
 927              	.LVL123:
 200:Core/Src/output.c **** 		HAL_GPIO_WritePin(E_GPIO_Port, E_Pin, 1);
 928              		.loc 1 200 3 view .LVU224
 929 035c 0022     		movs	r2, #0
 930 035e 4FF48051 		mov	r1, #4096
 931 0362 2046     		mov	r0, r4
 932 0364 FFF7FEFF 		bl	HAL_GPIO_WritePin
 933              	.LVL124:
 201:Core/Src/output.c **** 		HAL_GPIO_WritePin(F_GPIO_Port, F_Pin, 0);
 934              		.loc 1 201 3 view .LVU225
 935 0368 0122     		movs	r2, #1
 936 036a 4FF40051 		mov	r1, #8192
 937 036e 2046     		mov	r0, r4
 938 0370 FFF7FEFF 		bl	HAL_GPIO_WritePin
 939              	.LVL125:
 202:Core/Src/output.c **** 		HAL_GPIO_WritePin(G_GPIO_Port, G_Pin, 0);
 940              		.loc 1 202 3 view .LVU226
 941 0374 0022     		movs	r2, #0
 942 0376 4FF48041 		mov	r1, #16384
 943 037a 2046     		mov	r0, r4
 944 037c FFF7FEFF 		bl	HAL_GPIO_WritePin
 945              	.LVL126:
 203:Core/Src/output.c **** 		break;
 946              		.loc 1 203 3 view .LVU227
 947 0380 0022     		movs	r2, #0
 948 0382 4FF40041 		mov	r1, #32768
 949 0386 2046     		mov	r0, r4
 950 0388 FFF7FEFF 		bl	HAL_GPIO_WritePin
 951              	.LVL127:
 204:Core/Src/output.c **** 	}
 952              		.loc 1 204 3 view .LVU228
 953              		.loc 1 206 1 is_stmt 0 view .LVU229
 954 038c 72E6     		b	.L25
 955              	.L41:
 956 038e 00BF     		.align	2
ARM GAS  C:\Users\ADMIN\AppData\Local\Temp\ccLpBWs9.s 			page 24


 957              	.L40:
 958 0390 000C0140 		.word	1073810432
 959              		.cfi_endproc
 960              	.LFE69:
 962              		.section	.text.scanningLed7SEG,"ax",%progbits
 963              		.align	1
 964              		.global	scanningLed7SEG
 965              		.syntax unified
 966              		.thumb
 967              		.thumb_func
 969              	scanningLed7SEG:
 970              	.LFB65:
   4:Core/Src/output.c ****     switch (status) {
 971              		.loc 1 4 23 is_stmt 1 view -0
 972              		.cfi_startproc
 973              		@ args = 0, pretend = 0, frame = 0
 974              		@ frame_needed = 0, uses_anonymous_args = 0
 975 0000 10B5     		push	{r4, lr}
 976              	.LCFI4:
 977              		.cfi_def_cfa_offset 8
 978              		.cfi_offset 4, -8
 979              		.cfi_offset 14, -4
   5:Core/Src/output.c ****     case led1:
 980              		.loc 1 5 5 view .LVU231
 981 0002 464B     		ldr	r3, .L51
 982 0004 1B78     		ldrb	r3, [r3]	@ zero_extendqisi2
 983 0006 032B     		cmp	r3, #3
 984 0008 23D8     		bhi	.L42
 985 000a DFE803F0 		tbb	[pc, r3]
 986              	.L45:
 987 000e 02       		.byte	(.L48-.L45)/2
 988 000f 23       		.byte	(.L47-.L45)/2
 989 0010 44       		.byte	(.L46-.L45)/2
 990 0011 65       		.byte	(.L44-.L45)/2
 991              		.p2align 1
 992              	.L48:
   7:Core/Src/output.c ****         HAL_GPIO_WritePin(EN0_GPIO_Port,EN0_Pin, 0);
 993              		.loc 1 7 9 view .LVU232
 994 0012 434B     		ldr	r3, .L51+4
 995 0014 1868     		ldr	r0, [r3]
 996 0016 FFF7FEFF 		bl	display7SEG
 997              	.LVL128:
   8:Core/Src/output.c ****         HAL_GPIO_WritePin(EN1_GPIO_Port,EN1_Pin, 1);
 998              		.loc 1 8 9 view .LVU233
 999 001a 424C     		ldr	r4, .L51+8
 1000 001c 0022     		movs	r2, #0
 1001 001e 4FF48071 		mov	r1, #256
 1002 0022 2046     		mov	r0, r4
 1003 0024 FFF7FEFF 		bl	HAL_GPIO_WritePin
 1004              	.LVL129:
   9:Core/Src/output.c ****         HAL_GPIO_WritePin(EN2_GPIO_Port,EN2_Pin, 1);
 1005              		.loc 1 9 9 view .LVU234
 1006 0028 0122     		movs	r2, #1
 1007 002a 4FF40071 		mov	r1, #512
 1008 002e 2046     		mov	r0, r4
 1009 0030 FFF7FEFF 		bl	HAL_GPIO_WritePin
 1010              	.LVL130:
ARM GAS  C:\Users\ADMIN\AppData\Local\Temp\ccLpBWs9.s 			page 25


  10:Core/Src/output.c ****         HAL_GPIO_WritePin(EN3_GPIO_Port,EN3_Pin, 1);
 1011              		.loc 1 10 9 view .LVU235
 1012 0034 0122     		movs	r2, #1
 1013 0036 4FF48061 		mov	r1, #1024
 1014 003a 2046     		mov	r0, r4
 1015 003c FFF7FEFF 		bl	HAL_GPIO_WritePin
 1016              	.LVL131:
  11:Core/Src/output.c ****         status = led2;
 1017              		.loc 1 11 9 view .LVU236
 1018 0040 0122     		movs	r2, #1
 1019 0042 4FF40061 		mov	r1, #2048
 1020 0046 2046     		mov	r0, r4
 1021 0048 FFF7FEFF 		bl	HAL_GPIO_WritePin
 1022              	.LVL132:
  12:Core/Src/output.c ****         break;
 1023              		.loc 1 12 9 view .LVU237
  12:Core/Src/output.c ****         break;
 1024              		.loc 1 12 16 is_stmt 0 view .LVU238
 1025 004c 334B     		ldr	r3, .L51
 1026 004e 0122     		movs	r2, #1
 1027 0050 1A70     		strb	r2, [r3]
  13:Core/Src/output.c ****     case led2:
 1028              		.loc 1 13 9 is_stmt 1 view .LVU239
 1029              	.L42:
  41:Core/Src/output.c **** void led7SEG4Mode(int state){
 1030              		.loc 1 41 1 is_stmt 0 view .LVU240
 1031 0052 10BD     		pop	{r4, pc}
 1032              	.L47:
  15:Core/Src/output.c ****         HAL_GPIO_WritePin(EN0_GPIO_Port,EN0_Pin, 1);
 1033              		.loc 1 15 9 is_stmt 1 view .LVU241
 1034 0054 324B     		ldr	r3, .L51+4
 1035 0056 5868     		ldr	r0, [r3, #4]
 1036 0058 FFF7FEFF 		bl	display7SEG
 1037              	.LVL133:
  16:Core/Src/output.c ****         HAL_GPIO_WritePin(EN1_GPIO_Port,EN1_Pin, 0);
 1038              		.loc 1 16 9 view .LVU242
 1039 005c 314C     		ldr	r4, .L51+8
 1040 005e 0122     		movs	r2, #1
 1041 0060 4FF48071 		mov	r1, #256
 1042 0064 2046     		mov	r0, r4
 1043 0066 FFF7FEFF 		bl	HAL_GPIO_WritePin
 1044              	.LVL134:
  17:Core/Src/output.c ****         HAL_GPIO_WritePin(EN2_GPIO_Port,EN2_Pin, 1);
 1045              		.loc 1 17 9 view .LVU243
 1046 006a 0022     		movs	r2, #0
 1047 006c 4FF40071 		mov	r1, #512
 1048 0070 2046     		mov	r0, r4
 1049 0072 FFF7FEFF 		bl	HAL_GPIO_WritePin
 1050              	.LVL135:
  18:Core/Src/output.c ****         HAL_GPIO_WritePin(EN3_GPIO_Port,EN3_Pin, 1);
 1051              		.loc 1 18 9 view .LVU244
 1052 0076 0122     		movs	r2, #1
 1053 0078 4FF48061 		mov	r1, #1024
 1054 007c 2046     		mov	r0, r4
 1055 007e FFF7FEFF 		bl	HAL_GPIO_WritePin
 1056              	.LVL136:
  19:Core/Src/output.c ****         status = led3;
ARM GAS  C:\Users\ADMIN\AppData\Local\Temp\ccLpBWs9.s 			page 26


 1057              		.loc 1 19 9 view .LVU245
 1058 0082 0122     		movs	r2, #1
 1059 0084 4FF40061 		mov	r1, #2048
 1060 0088 2046     		mov	r0, r4
 1061 008a FFF7FEFF 		bl	HAL_GPIO_WritePin
 1062              	.LVL137:
  20:Core/Src/output.c ****         break;
 1063              		.loc 1 20 9 view .LVU246
  20:Core/Src/output.c ****         break;
 1064              		.loc 1 20 16 is_stmt 0 view .LVU247
 1065 008e 234B     		ldr	r3, .L51
 1066 0090 0222     		movs	r2, #2
 1067 0092 1A70     		strb	r2, [r3]
  21:Core/Src/output.c ****     case led3:
 1068              		.loc 1 21 9 is_stmt 1 view .LVU248
 1069 0094 DDE7     		b	.L42
 1070              	.L46:
  23:Core/Src/output.c ****         HAL_GPIO_WritePin(EN0_GPIO_Port,EN0_Pin, 1);
 1071              		.loc 1 23 9 view .LVU249
 1072 0096 224B     		ldr	r3, .L51+4
 1073 0098 9868     		ldr	r0, [r3, #8]
 1074 009a FFF7FEFF 		bl	display7SEG
 1075              	.LVL138:
  24:Core/Src/output.c ****         HAL_GPIO_WritePin(EN1_GPIO_Port,EN1_Pin, 1);
 1076              		.loc 1 24 9 view .LVU250
 1077 009e 214C     		ldr	r4, .L51+8
 1078 00a0 0122     		movs	r2, #1
 1079 00a2 4FF48071 		mov	r1, #256
 1080 00a6 2046     		mov	r0, r4
 1081 00a8 FFF7FEFF 		bl	HAL_GPIO_WritePin
 1082              	.LVL139:
  25:Core/Src/output.c ****         HAL_GPIO_WritePin(EN2_GPIO_Port,EN2_Pin, 0);
 1083              		.loc 1 25 9 view .LVU251
 1084 00ac 0122     		movs	r2, #1
 1085 00ae 4FF40071 		mov	r1, #512
 1086 00b2 2046     		mov	r0, r4
 1087 00b4 FFF7FEFF 		bl	HAL_GPIO_WritePin
 1088              	.LVL140:
  26:Core/Src/output.c ****         HAL_GPIO_WritePin(EN3_GPIO_Port,EN3_Pin, 1);
 1089              		.loc 1 26 9 view .LVU252
 1090 00b8 0022     		movs	r2, #0
 1091 00ba 4FF48061 		mov	r1, #1024
 1092 00be 2046     		mov	r0, r4
 1093 00c0 FFF7FEFF 		bl	HAL_GPIO_WritePin
 1094              	.LVL141:
  27:Core/Src/output.c ****         status = led4;
 1095              		.loc 1 27 9 view .LVU253
 1096 00c4 0122     		movs	r2, #1
 1097 00c6 4FF40061 		mov	r1, #2048
 1098 00ca 2046     		mov	r0, r4
 1099 00cc FFF7FEFF 		bl	HAL_GPIO_WritePin
 1100              	.LVL142:
  28:Core/Src/output.c ****         break;
 1101              		.loc 1 28 9 view .LVU254
  28:Core/Src/output.c ****         break;
 1102              		.loc 1 28 16 is_stmt 0 view .LVU255
 1103 00d0 124B     		ldr	r3, .L51
ARM GAS  C:\Users\ADMIN\AppData\Local\Temp\ccLpBWs9.s 			page 27


 1104 00d2 0322     		movs	r2, #3
 1105 00d4 1A70     		strb	r2, [r3]
  29:Core/Src/output.c ****     case led4:
 1106              		.loc 1 29 9 is_stmt 1 view .LVU256
 1107 00d6 BCE7     		b	.L42
 1108              	.L44:
  31:Core/Src/output.c ****         HAL_GPIO_WritePin(EN0_GPIO_Port,EN0_Pin, 1);
 1109              		.loc 1 31 9 view .LVU257
 1110 00d8 114B     		ldr	r3, .L51+4
 1111 00da D868     		ldr	r0, [r3, #12]
 1112 00dc FFF7FEFF 		bl	display7SEG
 1113              	.LVL143:
  32:Core/Src/output.c ****         HAL_GPIO_WritePin(EN1_GPIO_Port,EN1_Pin, 1);
 1114              		.loc 1 32 9 view .LVU258
 1115 00e0 104C     		ldr	r4, .L51+8
 1116 00e2 0122     		movs	r2, #1
 1117 00e4 4FF48071 		mov	r1, #256
 1118 00e8 2046     		mov	r0, r4
 1119 00ea FFF7FEFF 		bl	HAL_GPIO_WritePin
 1120              	.LVL144:
  33:Core/Src/output.c ****         HAL_GPIO_WritePin(EN2_GPIO_Port,EN2_Pin, 1);
 1121              		.loc 1 33 9 view .LVU259
 1122 00ee 0122     		movs	r2, #1
 1123 00f0 4FF40071 		mov	r1, #512
 1124 00f4 2046     		mov	r0, r4
 1125 00f6 FFF7FEFF 		bl	HAL_GPIO_WritePin
 1126              	.LVL145:
  34:Core/Src/output.c ****         HAL_GPIO_WritePin(EN3_GPIO_Port,EN3_Pin, 0);
 1127              		.loc 1 34 9 view .LVU260
 1128 00fa 0122     		movs	r2, #1
 1129 00fc 4FF48061 		mov	r1, #1024
 1130 0100 2046     		mov	r0, r4
 1131 0102 FFF7FEFF 		bl	HAL_GPIO_WritePin
 1132              	.LVL146:
  35:Core/Src/output.c ****         status = led1;
 1133              		.loc 1 35 9 view .LVU261
 1134 0106 0022     		movs	r2, #0
 1135 0108 4FF40061 		mov	r1, #2048
 1136 010c 2046     		mov	r0, r4
 1137 010e FFF7FEFF 		bl	HAL_GPIO_WritePin
 1138              	.LVL147:
  36:Core/Src/output.c ****         break;
 1139              		.loc 1 36 9 view .LVU262
  36:Core/Src/output.c ****         break;
 1140              		.loc 1 36 16 is_stmt 0 view .LVU263
 1141 0112 024B     		ldr	r3, .L51
 1142 0114 0022     		movs	r2, #0
 1143 0116 1A70     		strb	r2, [r3]
  37:Core/Src/output.c ****     default:
 1144              		.loc 1 37 9 is_stmt 1 view .LVU264
  41:Core/Src/output.c **** void led7SEG4Mode(int state){
 1145              		.loc 1 41 1 is_stmt 0 view .LVU265
 1146 0118 9BE7     		b	.L42
 1147              	.L52:
 1148 011a 00BF     		.align	2
 1149              	.L51:
 1150 011c 00000000 		.word	status
ARM GAS  C:\Users\ADMIN\AppData\Local\Temp\ccLpBWs9.s 			page 28


 1151 0120 00000000 		.word	led7SEGbuffer
 1152 0124 00080140 		.word	1073809408
 1153              		.cfi_endproc
 1154              	.LFE65:
 1156              		.global	status
 1157              		.section	.bss.status,"aw",%nobits
 1160              	status:
 1161 0000 00       		.space	1
 1162              		.text
 1163              	.Letext0:
 1164              		.file 2 "c:\\program files (x86)\\arm gnu toolchain arm-none-eabi\\12.3 rel1\\arm-none-eabi\\inclu
 1165              		.file 3 "c:\\program files (x86)\\arm gnu toolchain arm-none-eabi\\12.3 rel1\\arm-none-eabi\\inclu
 1166              		.file 4 "Drivers/CMSIS/Device/ST/STM32F1xx/Include/stm32f103x6.h"
 1167              		.file 5 "Drivers/STM32F1xx_HAL_Driver/Inc/stm32f1xx_hal_gpio.h"
 1168              		.file 6 "Core/Inc/output.h"
 1169              		.file 7 "Core/Inc/fsm_traffic_system.h"
ARM GAS  C:\Users\ADMIN\AppData\Local\Temp\ccLpBWs9.s 			page 29


DEFINED SYMBOLS
                            *ABS*:00000000 output.c
C:\Users\ADMIN\AppData\Local\Temp\ccLpBWs9.s:19     .text.led7SEG4Mode:00000000 $t
C:\Users\ADMIN\AppData\Local\Temp\ccLpBWs9.s:25     .text.led7SEG4Mode:00000000 led7SEG4Mode
C:\Users\ADMIN\AppData\Local\Temp\ccLpBWs9.s:59     .text.led7SEG4Mode:00000014 $d
C:\Users\ADMIN\AppData\Local\Temp\ccLpBWs9.s:290    .text.led7SEG4Mode:00000128 $d
C:\Users\ADMIN\AppData\Local\Temp\ccLpBWs9.s:297    .text.driverLed7SEG:00000000 $t
C:\Users\ADMIN\AppData\Local\Temp\ccLpBWs9.s:303    .text.driverLed7SEG:00000000 driverLed7SEG
C:\Users\ADMIN\AppData\Local\Temp\ccLpBWs9.s:316    .text.subsLed7SEG:00000000 $t
C:\Users\ADMIN\AppData\Local\Temp\ccLpBWs9.s:322    .text.subsLed7SEG:00000000 subsLed7SEG
C:\Users\ADMIN\AppData\Local\Temp\ccLpBWs9.s:422    .text.subsLed7SEG:00000060 $d
C:\Users\ADMIN\AppData\Local\Temp\ccLpBWs9.s:428    .text.display7SEG:00000000 $t
C:\Users\ADMIN\AppData\Local\Temp\ccLpBWs9.s:434    .text.display7SEG:00000000 display7SEG
C:\Users\ADMIN\AppData\Local\Temp\ccLpBWs9.s:452    .text.display7SEG:0000000a $d
C:\Users\ADMIN\AppData\Local\Temp\ccLpBWs9.s:462    .text.display7SEG:0000001e $t
C:\Users\ADMIN\AppData\Local\Temp\ccLpBWs9.s:958    .text.display7SEG:00000390 $d
C:\Users\ADMIN\AppData\Local\Temp\ccLpBWs9.s:963    .text.scanningLed7SEG:00000000 $t
C:\Users\ADMIN\AppData\Local\Temp\ccLpBWs9.s:969    .text.scanningLed7SEG:00000000 scanningLed7SEG
C:\Users\ADMIN\AppData\Local\Temp\ccLpBWs9.s:987    .text.scanningLed7SEG:0000000e $d
C:\Users\ADMIN\AppData\Local\Temp\ccLpBWs9.s:991    .text.scanningLed7SEG:00000012 $t
C:\Users\ADMIN\AppData\Local\Temp\ccLpBWs9.s:1150   .text.scanningLed7SEG:0000011c $d
C:\Users\ADMIN\AppData\Local\Temp\ccLpBWs9.s:1160   .bss.status:00000000 status
C:\Users\ADMIN\AppData\Local\Temp\ccLpBWs9.s:1161   .bss.status:00000000 $d
C:\Users\ADMIN\AppData\Local\Temp\ccLpBWs9.s:66     .text.led7SEG4Mode:0000001b $d
C:\Users\ADMIN\AppData\Local\Temp\ccLpBWs9.s:66     .text.led7SEG4Mode:0000001c $t

UNDEFINED SYMBOLS
timeRoad
led7SEGbuffer
HAL_GPIO_WritePin
