ARM GAS  C:\Users\ADMIN\AppData\Local\Temp\ccu4ry8z.s 			page 1


   1              		.cpu cortex-m3
   2              		.arch armv7-m
   3              		.fpu softvfp
   4              		.eabi_attribute 20, 1
   5              		.eabi_attribute 21, 1
   6              		.eabi_attribute 23, 3
   7              		.eabi_attribute 24, 1
   8              		.eabi_attribute 25, 1
   9              		.eabi_attribute 26, 1
  10              		.eabi_attribute 30, 1
  11              		.eabi_attribute 34, 1
  12              		.eabi_attribute 18, 4
  13              		.file	"stm32f1xx_hal_msp.c"
  14              		.text
  15              	.Ltext0:
  16              		.cfi_sections	.debug_frame
  17              		.file 1 "Core/Src/stm32f1xx_hal_msp.c"
  18              		.section	.text.HAL_MspInit,"ax",%progbits
  19              		.align	1
  20              		.global	HAL_MspInit
  21              		.syntax unified
  22              		.thumb
  23              		.thumb_func
  25              	HAL_MspInit:
  26              	.LFB65:
   1:Core/Src/stm32f1xx_hal_msp.c **** /* USER CODE BEGIN Header */
   2:Core/Src/stm32f1xx_hal_msp.c **** /**
   3:Core/Src/stm32f1xx_hal_msp.c ****   ******************************************************************************
   4:Core/Src/stm32f1xx_hal_msp.c ****   * @file         stm32f1xx_hal_msp.c
   5:Core/Src/stm32f1xx_hal_msp.c ****   * @brief        This file provides code for the MSP Initialization
   6:Core/Src/stm32f1xx_hal_msp.c ****   *               and de-Initialization codes.
   7:Core/Src/stm32f1xx_hal_msp.c ****   ******************************************************************************
   8:Core/Src/stm32f1xx_hal_msp.c ****   * @attention
   9:Core/Src/stm32f1xx_hal_msp.c ****   *
  10:Core/Src/stm32f1xx_hal_msp.c ****   * Copyright (c) 2023 STMicroelectronics.
  11:Core/Src/stm32f1xx_hal_msp.c ****   * All rights reserved.
  12:Core/Src/stm32f1xx_hal_msp.c ****   *
  13:Core/Src/stm32f1xx_hal_msp.c ****   * This software is licensed under terms that can be found in the LICENSE file
  14:Core/Src/stm32f1xx_hal_msp.c ****   * in the root directory of this software component.
  15:Core/Src/stm32f1xx_hal_msp.c ****   * If no LICENSE file comes with this software, it is provided AS-IS.
  16:Core/Src/stm32f1xx_hal_msp.c ****   *
  17:Core/Src/stm32f1xx_hal_msp.c ****   ******************************************************************************
  18:Core/Src/stm32f1xx_hal_msp.c ****   */
  19:Core/Src/stm32f1xx_hal_msp.c **** /* USER CODE END Header */
  20:Core/Src/stm32f1xx_hal_msp.c **** 
  21:Core/Src/stm32f1xx_hal_msp.c **** /* Includes ------------------------------------------------------------------*/
  22:Core/Src/stm32f1xx_hal_msp.c **** #include "main.h"
  23:Core/Src/stm32f1xx_hal_msp.c **** 
  24:Core/Src/stm32f1xx_hal_msp.c **** /* USER CODE BEGIN Includes */
  25:Core/Src/stm32f1xx_hal_msp.c **** 
  26:Core/Src/stm32f1xx_hal_msp.c **** /* USER CODE END Includes */
  27:Core/Src/stm32f1xx_hal_msp.c **** 
  28:Core/Src/stm32f1xx_hal_msp.c **** /* Private typedef -----------------------------------------------------------*/
  29:Core/Src/stm32f1xx_hal_msp.c **** /* USER CODE BEGIN TD */
  30:Core/Src/stm32f1xx_hal_msp.c **** 
  31:Core/Src/stm32f1xx_hal_msp.c **** /* USER CODE END TD */
  32:Core/Src/stm32f1xx_hal_msp.c **** 
ARM GAS  C:\Users\ADMIN\AppData\Local\Temp\ccu4ry8z.s 			page 2


  33:Core/Src/stm32f1xx_hal_msp.c **** /* Private define ------------------------------------------------------------*/
  34:Core/Src/stm32f1xx_hal_msp.c **** /* USER CODE BEGIN Define */
  35:Core/Src/stm32f1xx_hal_msp.c **** 
  36:Core/Src/stm32f1xx_hal_msp.c **** /* USER CODE END Define */
  37:Core/Src/stm32f1xx_hal_msp.c **** 
  38:Core/Src/stm32f1xx_hal_msp.c **** /* Private macro -------------------------------------------------------------*/
  39:Core/Src/stm32f1xx_hal_msp.c **** /* USER CODE BEGIN Macro */
  40:Core/Src/stm32f1xx_hal_msp.c **** 
  41:Core/Src/stm32f1xx_hal_msp.c **** /* USER CODE END Macro */
  42:Core/Src/stm32f1xx_hal_msp.c **** 
  43:Core/Src/stm32f1xx_hal_msp.c **** /* Private variables ---------------------------------------------------------*/
  44:Core/Src/stm32f1xx_hal_msp.c **** /* USER CODE BEGIN PV */
  45:Core/Src/stm32f1xx_hal_msp.c **** 
  46:Core/Src/stm32f1xx_hal_msp.c **** /* USER CODE END PV */
  47:Core/Src/stm32f1xx_hal_msp.c **** 
  48:Core/Src/stm32f1xx_hal_msp.c **** /* Private function prototypes -----------------------------------------------*/
  49:Core/Src/stm32f1xx_hal_msp.c **** /* USER CODE BEGIN PFP */
  50:Core/Src/stm32f1xx_hal_msp.c **** 
  51:Core/Src/stm32f1xx_hal_msp.c **** /* USER CODE END PFP */
  52:Core/Src/stm32f1xx_hal_msp.c **** 
  53:Core/Src/stm32f1xx_hal_msp.c **** /* External functions --------------------------------------------------------*/
  54:Core/Src/stm32f1xx_hal_msp.c **** /* USER CODE BEGIN ExternalFunctions */
  55:Core/Src/stm32f1xx_hal_msp.c **** 
  56:Core/Src/stm32f1xx_hal_msp.c **** /* USER CODE END ExternalFunctions */
  57:Core/Src/stm32f1xx_hal_msp.c **** 
  58:Core/Src/stm32f1xx_hal_msp.c **** /* USER CODE BEGIN 0 */
  59:Core/Src/stm32f1xx_hal_msp.c **** 
  60:Core/Src/stm32f1xx_hal_msp.c **** /* USER CODE END 0 */
  61:Core/Src/stm32f1xx_hal_msp.c **** /**
  62:Core/Src/stm32f1xx_hal_msp.c ****   * Initializes the Global MSP.
  63:Core/Src/stm32f1xx_hal_msp.c ****   */
  64:Core/Src/stm32f1xx_hal_msp.c **** void HAL_MspInit(void)
  65:Core/Src/stm32f1xx_hal_msp.c **** {
  27              		.loc 1 65 1 view -0
  28              		.cfi_startproc
  29              		@ args = 0, pretend = 0, frame = 8
  30              		@ frame_needed = 0, uses_anonymous_args = 0
  31              		@ link register save eliminated.
  32 0000 82B0     		sub	sp, sp, #8
  33              	.LCFI0:
  34              		.cfi_def_cfa_offset 8
  66:Core/Src/stm32f1xx_hal_msp.c ****   /* USER CODE BEGIN MspInit 0 */
  67:Core/Src/stm32f1xx_hal_msp.c **** 
  68:Core/Src/stm32f1xx_hal_msp.c ****   /* USER CODE END MspInit 0 */
  69:Core/Src/stm32f1xx_hal_msp.c **** 
  70:Core/Src/stm32f1xx_hal_msp.c ****   __HAL_RCC_AFIO_CLK_ENABLE();
  35              		.loc 1 70 3 view .LVU1
  36              	.LBB2:
  37              		.loc 1 70 3 view .LVU2
  38              		.loc 1 70 3 view .LVU3
  39 0002 0A4B     		ldr	r3, .L3
  40 0004 9A69     		ldr	r2, [r3, #24]
  41 0006 42F00102 		orr	r2, r2, #1
  42 000a 9A61     		str	r2, [r3, #24]
  43              		.loc 1 70 3 view .LVU4
  44 000c 9A69     		ldr	r2, [r3, #24]
  45 000e 02F00102 		and	r2, r2, #1
ARM GAS  C:\Users\ADMIN\AppData\Local\Temp\ccu4ry8z.s 			page 3


  46 0012 0092     		str	r2, [sp]
  47              		.loc 1 70 3 view .LVU5
  48 0014 009A     		ldr	r2, [sp]
  49              	.LBE2:
  50              		.loc 1 70 3 view .LVU6
  71:Core/Src/stm32f1xx_hal_msp.c ****   __HAL_RCC_PWR_CLK_ENABLE();
  51              		.loc 1 71 3 view .LVU7
  52              	.LBB3:
  53              		.loc 1 71 3 view .LVU8
  54              		.loc 1 71 3 view .LVU9
  55 0016 DA69     		ldr	r2, [r3, #28]
  56 0018 42F08052 		orr	r2, r2, #268435456
  57 001c DA61     		str	r2, [r3, #28]
  58              		.loc 1 71 3 view .LVU10
  59 001e DB69     		ldr	r3, [r3, #28]
  60 0020 03F08053 		and	r3, r3, #268435456
  61 0024 0193     		str	r3, [sp, #4]
  62              		.loc 1 71 3 view .LVU11
  63 0026 019B     		ldr	r3, [sp, #4]
  64              	.LBE3:
  65              		.loc 1 71 3 view .LVU12
  72:Core/Src/stm32f1xx_hal_msp.c **** 
  73:Core/Src/stm32f1xx_hal_msp.c ****   /* System interrupt init*/
  74:Core/Src/stm32f1xx_hal_msp.c **** 
  75:Core/Src/stm32f1xx_hal_msp.c ****   /* USER CODE BEGIN MspInit 1 */
  76:Core/Src/stm32f1xx_hal_msp.c **** 
  77:Core/Src/stm32f1xx_hal_msp.c ****   /* USER CODE END MspInit 1 */
  78:Core/Src/stm32f1xx_hal_msp.c **** }
  66              		.loc 1 78 1 is_stmt 0 view .LVU13
  67 0028 02B0     		add	sp, sp, #8
  68              	.LCFI1:
  69              		.cfi_def_cfa_offset 0
  70              		@ sp needed
  71 002a 7047     		bx	lr
  72              	.L4:
  73              		.align	2
  74              	.L3:
  75 002c 00100240 		.word	1073876992
  76              		.cfi_endproc
  77              	.LFE65:
  79              		.section	.text.HAL_TIM_Base_MspInit,"ax",%progbits
  80              		.align	1
  81              		.global	HAL_TIM_Base_MspInit
  82              		.syntax unified
  83              		.thumb
  84              		.thumb_func
  86              	HAL_TIM_Base_MspInit:
  87              	.LVL0:
  88              	.LFB66:
  79:Core/Src/stm32f1xx_hal_msp.c **** 
  80:Core/Src/stm32f1xx_hal_msp.c **** /**
  81:Core/Src/stm32f1xx_hal_msp.c **** * @brief TIM_Base MSP Initialization
  82:Core/Src/stm32f1xx_hal_msp.c **** * This function configures the hardware resources used in this example
  83:Core/Src/stm32f1xx_hal_msp.c **** * @param htim_base: TIM_Base handle pointer
  84:Core/Src/stm32f1xx_hal_msp.c **** * @retval None
  85:Core/Src/stm32f1xx_hal_msp.c **** */
  86:Core/Src/stm32f1xx_hal_msp.c **** void HAL_TIM_Base_MspInit(TIM_HandleTypeDef* htim_base)
ARM GAS  C:\Users\ADMIN\AppData\Local\Temp\ccu4ry8z.s 			page 4


  87:Core/Src/stm32f1xx_hal_msp.c **** {
  89              		.loc 1 87 1 is_stmt 1 view -0
  90              		.cfi_startproc
  91              		@ args = 0, pretend = 0, frame = 8
  92              		@ frame_needed = 0, uses_anonymous_args = 0
  88:Core/Src/stm32f1xx_hal_msp.c ****   if(htim_base->Instance==TIM2)
  93              		.loc 1 88 3 view .LVU15
  94              		.loc 1 88 15 is_stmt 0 view .LVU16
  95 0000 0368     		ldr	r3, [r0]
  96              		.loc 1 88 5 view .LVU17
  97 0002 B3F1804F 		cmp	r3, #1073741824
  98 0006 00D0     		beq	.L11
  99 0008 7047     		bx	lr
 100              	.L11:
  87:Core/Src/stm32f1xx_hal_msp.c ****   if(htim_base->Instance==TIM2)
 101              		.loc 1 87 1 view .LVU18
 102 000a 00B5     		push	{lr}
 103              	.LCFI2:
 104              		.cfi_def_cfa_offset 4
 105              		.cfi_offset 14, -4
 106 000c 83B0     		sub	sp, sp, #12
 107              	.LCFI3:
 108              		.cfi_def_cfa_offset 16
  89:Core/Src/stm32f1xx_hal_msp.c ****   {
  90:Core/Src/stm32f1xx_hal_msp.c ****   /* USER CODE BEGIN TIM2_MspInit 0 */
  91:Core/Src/stm32f1xx_hal_msp.c **** 
  92:Core/Src/stm32f1xx_hal_msp.c ****   /* USER CODE END TIM2_MspInit 0 */
  93:Core/Src/stm32f1xx_hal_msp.c ****     /* Peripheral clock enable */
  94:Core/Src/stm32f1xx_hal_msp.c ****     __HAL_RCC_TIM2_CLK_ENABLE();
 109              		.loc 1 94 5 is_stmt 1 view .LVU19
 110              	.LBB4:
 111              		.loc 1 94 5 view .LVU20
 112              		.loc 1 94 5 view .LVU21
 113 000e 03F50433 		add	r3, r3, #135168
 114 0012 DA69     		ldr	r2, [r3, #28]
 115 0014 42F00102 		orr	r2, r2, #1
 116 0018 DA61     		str	r2, [r3, #28]
 117              		.loc 1 94 5 view .LVU22
 118 001a DB69     		ldr	r3, [r3, #28]
 119 001c 03F00103 		and	r3, r3, #1
 120 0020 0193     		str	r3, [sp, #4]
 121              		.loc 1 94 5 view .LVU23
 122 0022 019B     		ldr	r3, [sp, #4]
 123              	.LBE4:
 124              		.loc 1 94 5 view .LVU24
  95:Core/Src/stm32f1xx_hal_msp.c ****     /* TIM2 interrupt Init */
  96:Core/Src/stm32f1xx_hal_msp.c ****     HAL_NVIC_SetPriority(TIM2_IRQn, 0, 0);
 125              		.loc 1 96 5 view .LVU25
 126 0024 0022     		movs	r2, #0
 127 0026 1146     		mov	r1, r2
 128 0028 1C20     		movs	r0, #28
 129              	.LVL1:
 130              		.loc 1 96 5 is_stmt 0 view .LVU26
 131 002a FFF7FEFF 		bl	HAL_NVIC_SetPriority
 132              	.LVL2:
  97:Core/Src/stm32f1xx_hal_msp.c ****     HAL_NVIC_EnableIRQ(TIM2_IRQn);
 133              		.loc 1 97 5 is_stmt 1 view .LVU27
ARM GAS  C:\Users\ADMIN\AppData\Local\Temp\ccu4ry8z.s 			page 5


 134 002e 1C20     		movs	r0, #28
 135 0030 FFF7FEFF 		bl	HAL_NVIC_EnableIRQ
 136              	.LVL3:
  98:Core/Src/stm32f1xx_hal_msp.c ****   /* USER CODE BEGIN TIM2_MspInit 1 */
  99:Core/Src/stm32f1xx_hal_msp.c **** 
 100:Core/Src/stm32f1xx_hal_msp.c ****   /* USER CODE END TIM2_MspInit 1 */
 101:Core/Src/stm32f1xx_hal_msp.c ****   }
 102:Core/Src/stm32f1xx_hal_msp.c **** 
 103:Core/Src/stm32f1xx_hal_msp.c **** }
 137              		.loc 1 103 1 is_stmt 0 view .LVU28
 138 0034 03B0     		add	sp, sp, #12
 139              	.LCFI4:
 140              		.cfi_def_cfa_offset 4
 141              		@ sp needed
 142 0036 5DF804FB 		ldr	pc, [sp], #4
 143              		.cfi_endproc
 144              	.LFE66:
 146              		.section	.text.HAL_TIM_Base_MspDeInit,"ax",%progbits
 147              		.align	1
 148              		.global	HAL_TIM_Base_MspDeInit
 149              		.syntax unified
 150              		.thumb
 151              		.thumb_func
 153              	HAL_TIM_Base_MspDeInit:
 154              	.LVL4:
 155              	.LFB67:
 104:Core/Src/stm32f1xx_hal_msp.c **** 
 105:Core/Src/stm32f1xx_hal_msp.c **** /**
 106:Core/Src/stm32f1xx_hal_msp.c **** * @brief TIM_Base MSP De-Initialization
 107:Core/Src/stm32f1xx_hal_msp.c **** * This function freeze the hardware resources used in this example
 108:Core/Src/stm32f1xx_hal_msp.c **** * @param htim_base: TIM_Base handle pointer
 109:Core/Src/stm32f1xx_hal_msp.c **** * @retval None
 110:Core/Src/stm32f1xx_hal_msp.c **** */
 111:Core/Src/stm32f1xx_hal_msp.c **** void HAL_TIM_Base_MspDeInit(TIM_HandleTypeDef* htim_base)
 112:Core/Src/stm32f1xx_hal_msp.c **** {
 156              		.loc 1 112 1 is_stmt 1 view -0
 157              		.cfi_startproc
 158              		@ args = 0, pretend = 0, frame = 0
 159              		@ frame_needed = 0, uses_anonymous_args = 0
 160              		.loc 1 112 1 is_stmt 0 view .LVU30
 161 0000 08B5     		push	{r3, lr}
 162              	.LCFI5:
 163              		.cfi_def_cfa_offset 8
 164              		.cfi_offset 3, -8
 165              		.cfi_offset 14, -4
 113:Core/Src/stm32f1xx_hal_msp.c ****   if(htim_base->Instance==TIM2)
 166              		.loc 1 113 3 is_stmt 1 view .LVU31
 167              		.loc 1 113 15 is_stmt 0 view .LVU32
 168 0002 0368     		ldr	r3, [r0]
 169              		.loc 1 113 5 view .LVU33
 170 0004 B3F1804F 		cmp	r3, #1073741824
 171 0008 00D0     		beq	.L15
 172              	.LVL5:
 173              	.L12:
 114:Core/Src/stm32f1xx_hal_msp.c ****   {
 115:Core/Src/stm32f1xx_hal_msp.c ****   /* USER CODE BEGIN TIM2_MspDeInit 0 */
 116:Core/Src/stm32f1xx_hal_msp.c **** 
ARM GAS  C:\Users\ADMIN\AppData\Local\Temp\ccu4ry8z.s 			page 6


 117:Core/Src/stm32f1xx_hal_msp.c ****   /* USER CODE END TIM2_MspDeInit 0 */
 118:Core/Src/stm32f1xx_hal_msp.c ****     /* Peripheral clock disable */
 119:Core/Src/stm32f1xx_hal_msp.c ****     __HAL_RCC_TIM2_CLK_DISABLE();
 120:Core/Src/stm32f1xx_hal_msp.c **** 
 121:Core/Src/stm32f1xx_hal_msp.c ****     /* TIM2 interrupt DeInit */
 122:Core/Src/stm32f1xx_hal_msp.c ****     HAL_NVIC_DisableIRQ(TIM2_IRQn);
 123:Core/Src/stm32f1xx_hal_msp.c ****   /* USER CODE BEGIN TIM2_MspDeInit 1 */
 124:Core/Src/stm32f1xx_hal_msp.c **** 
 125:Core/Src/stm32f1xx_hal_msp.c ****   /* USER CODE END TIM2_MspDeInit 1 */
 126:Core/Src/stm32f1xx_hal_msp.c ****   }
 127:Core/Src/stm32f1xx_hal_msp.c **** 
 128:Core/Src/stm32f1xx_hal_msp.c **** }
 174              		.loc 1 128 1 view .LVU34
 175 000a 08BD     		pop	{r3, pc}
 176              	.LVL6:
 177              	.L15:
 119:Core/Src/stm32f1xx_hal_msp.c **** 
 178              		.loc 1 119 5 is_stmt 1 view .LVU35
 179 000c 044A     		ldr	r2, .L16
 180 000e D369     		ldr	r3, [r2, #28]
 181 0010 23F00103 		bic	r3, r3, #1
 182 0014 D361     		str	r3, [r2, #28]
 122:Core/Src/stm32f1xx_hal_msp.c ****   /* USER CODE BEGIN TIM2_MspDeInit 1 */
 183              		.loc 1 122 5 view .LVU36
 184 0016 1C20     		movs	r0, #28
 185              	.LVL7:
 122:Core/Src/stm32f1xx_hal_msp.c ****   /* USER CODE BEGIN TIM2_MspDeInit 1 */
 186              		.loc 1 122 5 is_stmt 0 view .LVU37
 187 0018 FFF7FEFF 		bl	HAL_NVIC_DisableIRQ
 188              	.LVL8:
 189              		.loc 1 128 1 view .LVU38
 190 001c F5E7     		b	.L12
 191              	.L17:
 192 001e 00BF     		.align	2
 193              	.L16:
 194 0020 00100240 		.word	1073876992
 195              		.cfi_endproc
 196              	.LFE67:
 198              		.text
 199              	.Letext0:
 200              		.file 2 "Drivers/CMSIS/Device/ST/STM32F1xx/Include/stm32f103x6.h"
 201              		.file 3 "c:\\program files (x86)\\arm gnu toolchain arm-none-eabi\\12.3 rel1\\arm-none-eabi\\inclu
 202              		.file 4 "c:\\program files (x86)\\arm gnu toolchain arm-none-eabi\\12.3 rel1\\arm-none-eabi\\inclu
 203              		.file 5 "Drivers/STM32F1xx_HAL_Driver/Inc/stm32f1xx_hal_def.h"
 204              		.file 6 "Drivers/STM32F1xx_HAL_Driver/Inc/stm32f1xx_hal_dma.h"
 205              		.file 7 "Drivers/STM32F1xx_HAL_Driver/Inc/stm32f1xx_hal_tim.h"
 206              		.file 8 "Drivers/STM32F1xx_HAL_Driver/Inc/stm32f1xx_hal_cortex.h"
ARM GAS  C:\Users\ADMIN\AppData\Local\Temp\ccu4ry8z.s 			page 7


DEFINED SYMBOLS
                            *ABS*:00000000 stm32f1xx_hal_msp.c
C:\Users\ADMIN\AppData\Local\Temp\ccu4ry8z.s:19     .text.HAL_MspInit:00000000 $t
C:\Users\ADMIN\AppData\Local\Temp\ccu4ry8z.s:25     .text.HAL_MspInit:00000000 HAL_MspInit
C:\Users\ADMIN\AppData\Local\Temp\ccu4ry8z.s:75     .text.HAL_MspInit:0000002c $d
C:\Users\ADMIN\AppData\Local\Temp\ccu4ry8z.s:80     .text.HAL_TIM_Base_MspInit:00000000 $t
C:\Users\ADMIN\AppData\Local\Temp\ccu4ry8z.s:86     .text.HAL_TIM_Base_MspInit:00000000 HAL_TIM_Base_MspInit
C:\Users\ADMIN\AppData\Local\Temp\ccu4ry8z.s:147    .text.HAL_TIM_Base_MspDeInit:00000000 $t
C:\Users\ADMIN\AppData\Local\Temp\ccu4ry8z.s:153    .text.HAL_TIM_Base_MspDeInit:00000000 HAL_TIM_Base_MspDeInit
C:\Users\ADMIN\AppData\Local\Temp\ccu4ry8z.s:194    .text.HAL_TIM_Base_MspDeInit:00000020 $d

UNDEFINED SYMBOLS
HAL_NVIC_SetPriority
HAL_NVIC_EnableIRQ
HAL_NVIC_DisableIRQ
